mode: atomic
github.com/mstgnz/cleango/pkg/formats/csv.go:28.37,35.2 1 6
github.com/mstgnz/cleango/pkg/formats/csv.go:38.46,39.29 1 1
github.com/mstgnz/cleango/pkg/formats/csv.go:39.29,41.3 1 1
github.com/mstgnz/cleango/pkg/formats/csv.go:45.48,46.29 1 0
github.com/mstgnz/cleango/pkg/formats/csv.go:46.29,48.3 1 0
github.com/mstgnz/cleango/pkg/formats/csv.go:52.48,53.29 1 0
github.com/mstgnz/cleango/pkg/formats/csv.go:53.29,55.3 1 0
github.com/mstgnz/cleango/pkg/formats/csv.go:59.46,60.29 1 0
github.com/mstgnz/cleango/pkg/formats/csv.go:60.29,62.3 1 0
github.com/mstgnz/cleango/pkg/formats/csv.go:66.88,71.33 2 4
github.com/mstgnz/cleango/pkg/formats/csv.go:71.33,73.3 1 1
github.com/mstgnz/cleango/pkg/formats/csv.go:76.2,77.16 2 4
github.com/mstgnz/cleango/pkg/formats/csv.go:77.16,79.3 1 0
github.com/mstgnz/cleango/pkg/formats/csv.go:80.2,90.16 7 4
github.com/mstgnz/cleango/pkg/formats/csv.go:90.16,92.3 1 0
github.com/mstgnz/cleango/pkg/formats/csv.go:95.2,96.6 2 4
github.com/mstgnz/cleango/pkg/formats/csv.go:96.6,98.20 2 13
github.com/mstgnz/cleango/pkg/formats/csv.go:98.20,99.9 1 4
github.com/mstgnz/cleango/pkg/formats/csv.go:101.3,101.17 1 9
github.com/mstgnz/cleango/pkg/formats/csv.go:101.17,102.23 1 0
github.com/mstgnz/cleango/pkg/formats/csv.go:102.23,103.13 1 0
github.com/mstgnz/cleango/pkg/formats/csv.go:105.4,105.66 1 0
github.com/mstgnz/cleango/pkg/formats/csv.go:107.3,107.27 1 9
github.com/mstgnz/cleango/pkg/formats/csv.go:110.2,110.27 1 4
github.com/mstgnz/cleango/pkg/formats/csv.go:114.102,119.33 2 2
github.com/mstgnz/cleango/pkg/formats/csv.go:119.33,121.3 1 0
github.com/mstgnz/cleango/pkg/formats/csv.go:124.2,125.16 2 2
github.com/mstgnz/cleango/pkg/formats/csv.go:125.16,127.3 1 0
github.com/mstgnz/cleango/pkg/formats/csv.go:128.2,135.46 4 2
github.com/mstgnz/cleango/pkg/formats/csv.go:135.46,137.3 1 0
github.com/mstgnz/cleango/pkg/formats/csv.go:140.2,140.27 1 2
github.com/mstgnz/cleango/pkg/formats/csv.go:140.27,141.43 1 4
github.com/mstgnz/cleango/pkg/formats/csv.go:141.43,143.4 1 0
github.com/mstgnz/cleango/pkg/formats/csv.go:147.2,148.39 2 2
github.com/mstgnz/cleango/pkg/formats/csv.go:148.39,150.3 1 0
github.com/mstgnz/cleango/pkg/formats/csv.go:152.2,152.12 1 2
github.com/mstgnz/cleango/pkg/formats/csv.go:156.74,158.2 1 1
github.com/mstgnz/cleango/pkg/formats/excel.go:19.42,23.2 1 0
github.com/mstgnz/cleango/pkg/formats/excel.go:26.50,27.31 1 0
github.com/mstgnz/cleango/pkg/formats/excel.go:27.31,29.3 1 0
github.com/mstgnz/cleango/pkg/formats/excel.go:33.92,38.33 2 0
github.com/mstgnz/cleango/pkg/formats/excel.go:38.33,40.3 1 0
github.com/mstgnz/cleango/pkg/formats/excel.go:43.2,44.16 2 0
github.com/mstgnz/cleango/pkg/formats/excel.go:44.16,46.3 1 0
github.com/mstgnz/cleango/pkg/formats/excel.go:47.2,47.15 1 0
github.com/mstgnz/cleango/pkg/formats/excel.go:47.15,48.35 1 0
github.com/mstgnz/cleango/pkg/formats/excel.go:48.35,50.4 1 0
github.com/mstgnz/cleango/pkg/formats/excel.go:54.2,55.36 2 0
github.com/mstgnz/cleango/pkg/formats/excel.go:55.36,58.23 2 0
github.com/mstgnz/cleango/pkg/formats/excel.go:58.23,60.4 1 0
github.com/mstgnz/cleango/pkg/formats/excel.go:61.3,61.29 1 0
github.com/mstgnz/cleango/pkg/formats/excel.go:65.2,66.16 2 0
github.com/mstgnz/cleango/pkg/formats/excel.go:66.16,68.3 1 0
github.com/mstgnz/cleango/pkg/formats/excel.go:70.2,70.20 1 0
github.com/mstgnz/cleango/pkg/formats/excel.go:70.20,72.3 1 0
github.com/mstgnz/cleango/pkg/formats/excel.go:75.2,80.27 3 0
github.com/mstgnz/cleango/pkg/formats/excel.go:84.106,89.33 2 0
github.com/mstgnz/cleango/pkg/formats/excel.go:89.33,91.3 1 0
github.com/mstgnz/cleango/pkg/formats/excel.go:94.2,100.36 3 0
github.com/mstgnz/cleango/pkg/formats/excel.go:100.36,102.17 2 0
github.com/mstgnz/cleango/pkg/formats/excel.go:102.17,104.4 1 0
github.com/mstgnz/cleango/pkg/formats/excel.go:106.3,106.30 1 0
github.com/mstgnz/cleango/pkg/formats/excel.go:110.2,110.33 1 0
github.com/mstgnz/cleango/pkg/formats/excel.go:110.33,112.17 2 0
github.com/mstgnz/cleango/pkg/formats/excel.go:112.17,114.4 1 0
github.com/mstgnz/cleango/pkg/formats/excel.go:115.3,115.47 1 0
github.com/mstgnz/cleango/pkg/formats/excel.go:119.2,119.27 1 0
github.com/mstgnz/cleango/pkg/formats/excel.go:119.27,120.29 1 0
github.com/mstgnz/cleango/pkg/formats/excel.go:120.29,122.18 2 0
github.com/mstgnz/cleango/pkg/formats/excel.go:122.18,124.5 1 0
github.com/mstgnz/cleango/pkg/formats/excel.go:127.4,127.24 1 0
github.com/mstgnz/cleango/pkg/formats/excel.go:127.24,128.67 1 0
github.com/mstgnz/cleango/pkg/formats/excel.go:128.67,130.14 2 0
github.com/mstgnz/cleango/pkg/formats/excel.go:135.4,135.43 1 0
github.com/mstgnz/cleango/pkg/formats/excel.go:135.43,136.61 1 0
github.com/mstgnz/cleango/pkg/formats/excel.go:136.61,138.14 2 0
github.com/mstgnz/cleango/pkg/formats/excel.go:143.4,143.47 1 0
github.com/mstgnz/cleango/pkg/formats/excel.go:148.2,148.43 1 0
github.com/mstgnz/cleango/pkg/formats/excel.go:148.43,150.3 1 0
github.com/mstgnz/cleango/pkg/formats/excel.go:152.2,152.12 1 0
github.com/mstgnz/cleango/pkg/formats/excel.go:156.78,158.2 1 0
github.com/mstgnz/cleango/pkg/formats/excel.go:161.31,164.2 2 0
github.com/mstgnz/cleango/pkg/formats/json.go:19.39,23.2 1 5
github.com/mstgnz/cleango/pkg/formats/json.go:26.41,27.30 1 0
github.com/mstgnz/cleango/pkg/formats/json.go:27.30,29.3 1 0
github.com/mstgnz/cleango/pkg/formats/json.go:33.90,38.33 2 3
github.com/mstgnz/cleango/pkg/formats/json.go:38.33,40.3 1 0
github.com/mstgnz/cleango/pkg/formats/json.go:43.2,44.16 2 3
github.com/mstgnz/cleango/pkg/formats/json.go:44.16,46.3 1 0
github.com/mstgnz/cleango/pkg/formats/json.go:47.2,52.46 4 3
github.com/mstgnz/cleango/pkg/formats/json.go:52.46,54.3 1 0
github.com/mstgnz/cleango/pkg/formats/json.go:57.2,60.30 2 3
github.com/mstgnz/cleango/pkg/formats/json.go:60.30,61.27 1 7
github.com/mstgnz/cleango/pkg/formats/json.go:61.27,63.4 1 21
github.com/mstgnz/cleango/pkg/formats/json.go:67.2,68.30 2 3
github.com/mstgnz/cleango/pkg/formats/json.go:68.30,70.3 1 9
github.com/mstgnz/cleango/pkg/formats/json.go:71.2,75.30 3 3
github.com/mstgnz/cleango/pkg/formats/json.go:75.30,77.38 2 7
github.com/mstgnz/cleango/pkg/formats/json.go:77.38,78.37 1 21
github.com/mstgnz/cleango/pkg/formats/json.go:78.37,80.5 1 21
github.com/mstgnz/cleango/pkg/formats/json.go:80.10,82.5 1 0
github.com/mstgnz/cleango/pkg/formats/json.go:84.3,84.16 1 7
github.com/mstgnz/cleango/pkg/formats/json.go:87.2,87.31 1 3
github.com/mstgnz/cleango/pkg/formats/json.go:91.104,96.33 2 2
github.com/mstgnz/cleango/pkg/formats/json.go:96.33,98.3 1 0
github.com/mstgnz/cleango/pkg/formats/json.go:101.2,102.27 2 2
github.com/mstgnz/cleango/pkg/formats/json.go:102.27,104.34 2 4
github.com/mstgnz/cleango/pkg/formats/json.go:104.34,105.20 1 12
github.com/mstgnz/cleango/pkg/formats/json.go:105.20,107.5 1 12
github.com/mstgnz/cleango/pkg/formats/json.go:109.3,109.23 1 4
github.com/mstgnz/cleango/pkg/formats/json.go:113.2,115.17 3 2
github.com/mstgnz/cleango/pkg/formats/json.go:115.17,117.3 1 0
github.com/mstgnz/cleango/pkg/formats/json.go:117.8,119.3 1 2
github.com/mstgnz/cleango/pkg/formats/json.go:120.2,120.16 1 2
github.com/mstgnz/cleango/pkg/formats/json.go:120.16,122.3 1 0
github.com/mstgnz/cleango/pkg/formats/json.go:125.2,125.64 1 2
github.com/mstgnz/cleango/pkg/formats/json.go:125.64,127.3 1 0
github.com/mstgnz/cleango/pkg/formats/json.go:129.2,129.12 1 2
github.com/mstgnz/cleango/pkg/formats/json.go:136.50,138.2 1 1
github.com/mstgnz/cleango/pkg/formats/json.go:141.48,142.18 1 21
github.com/mstgnz/cleango/pkg/formats/json.go:142.18,144.3 1 0
github.com/mstgnz/cleango/pkg/formats/json.go:146.2,146.27 1 21
github.com/mstgnz/cleango/pkg/formats/json.go:147.14,148.11 1 18
github.com/mstgnz/cleango/pkg/formats/json.go:149.15,151.27 1 3
github.com/mstgnz/cleango/pkg/formats/json.go:151.27,153.4 1 3
github.com/mstgnz/cleango/pkg/formats/json.go:154.3,154.30 1 0
github.com/mstgnz/cleango/pkg/formats/json.go:155.12,156.30 1 0
github.com/mstgnz/cleango/pkg/formats/json.go:157.30,160.17 2 0
github.com/mstgnz/cleango/pkg/formats/json.go:160.17,162.4 1 0
github.com/mstgnz/cleango/pkg/formats/json.go:163.3,163.27 1 0
github.com/mstgnz/cleango/pkg/formats/json.go:164.21,167.17 2 0
github.com/mstgnz/cleango/pkg/formats/json.go:167.17,169.4 1 0
github.com/mstgnz/cleango/pkg/formats/json.go:170.3,170.27 1 0
github.com/mstgnz/cleango/pkg/formats/json.go:171.10,173.30 1 0
github.com/mstgnz/cleango/pkg/formats/parquet.go:24.46,28.2 1 0
github.com/mstgnz/cleango/pkg/formats/parquet.go:31.74,32.33 1 0
github.com/mstgnz/cleango/pkg/formats/parquet.go:32.33,34.3 1 0
github.com/mstgnz/cleango/pkg/formats/parquet.go:41.96,46.33 2 0
github.com/mstgnz/cleango/pkg/formats/parquet.go:46.33,48.3 1 0
github.com/mstgnz/cleango/pkg/formats/parquet.go:51.2,52.16 2 0
github.com/mstgnz/cleango/pkg/formats/parquet.go:52.16,54.3 1 0
github.com/mstgnz/cleango/pkg/formats/parquet.go:55.2,59.16 3 0
github.com/mstgnz/cleango/pkg/formats/parquet.go:59.16,61.3 1 0
github.com/mstgnz/cleango/pkg/formats/parquet.go:62.2,66.18 3 0
github.com/mstgnz/cleango/pkg/formats/parquet.go:66.18,68.3 1 0
github.com/mstgnz/cleango/pkg/formats/parquet.go:71.2,72.42 2 0
github.com/mstgnz/cleango/pkg/formats/parquet.go:72.42,74.3 1 0
github.com/mstgnz/cleango/pkg/formats/parquet.go:77.2,77.23 1 0
github.com/mstgnz/cleango/pkg/formats/parquet.go:77.23,79.3 1 0
github.com/mstgnz/cleango/pkg/formats/parquet.go:81.2,82.33 2 0
github.com/mstgnz/cleango/pkg/formats/parquet.go:82.33,84.3 1 0
github.com/mstgnz/cleango/pkg/formats/parquet.go:87.2,88.33 2 0
github.com/mstgnz/cleango/pkg/formats/parquet.go:88.33,90.34 2 0
github.com/mstgnz/cleango/pkg/formats/parquet.go:90.34,91.37 1 0
github.com/mstgnz/cleango/pkg/formats/parquet.go:91.37,93.5 1 0
github.com/mstgnz/cleango/pkg/formats/parquet.go:93.10,95.5 1 0
github.com/mstgnz/cleango/pkg/formats/parquet.go:97.3,97.16 1 0
github.com/mstgnz/cleango/pkg/formats/parquet.go:100.2,100.27 1 0
github.com/mstgnz/cleango/pkg/formats/parquet.go:104.110,109.33 2 0
github.com/mstgnz/cleango/pkg/formats/parquet.go:109.33,111.3 1 0
github.com/mstgnz/cleango/pkg/formats/parquet.go:114.2,115.16 2 0
github.com/mstgnz/cleango/pkg/formats/parquet.go:115.16,117.3 1 0
github.com/mstgnz/cleango/pkg/formats/parquet.go:118.2,125.16 4 0
github.com/mstgnz/cleango/pkg/formats/parquet.go:125.16,127.3 1 0
github.com/mstgnz/cleango/pkg/formats/parquet.go:130.2,133.27 2 0
github.com/mstgnz/cleango/pkg/formats/parquet.go:133.27,135.34 2 0
github.com/mstgnz/cleango/pkg/formats/parquet.go:135.34,136.20 1 0
github.com/mstgnz/cleango/pkg/formats/parquet.go:136.20,139.25 2 0
github.com/mstgnz/cleango/pkg/formats/parquet.go:139.25,141.38 1 0
github.com/mstgnz/cleango/pkg/formats/parquet.go:141.38,143.69 1 0
github.com/mstgnz/cleango/pkg/formats/parquet.go:143.69,145.16 2 0
github.com/mstgnz/cleango/pkg/formats/parquet.go:147.12,149.69 1 0
github.com/mstgnz/cleango/pkg/formats/parquet.go:149.69,151.16 2 0
github.com/mstgnz/cleango/pkg/formats/parquet.go:157.5,157.44 1 0
github.com/mstgnz/cleango/pkg/formats/parquet.go:157.44,158.62 1 0
github.com/mstgnz/cleango/pkg/formats/parquet.go:158.62,160.15 2 0
github.com/mstgnz/cleango/pkg/formats/parquet.go:165.5,165.27 1 0
github.com/mstgnz/cleango/pkg/formats/parquet.go:166.10,168.5 1 0
github.com/mstgnz/cleango/pkg/formats/parquet.go:171.3,171.42 1 0
github.com/mstgnz/cleango/pkg/formats/parquet.go:171.42,173.4 1 0
github.com/mstgnz/cleango/pkg/formats/parquet.go:177.2,177.39 1 0
github.com/mstgnz/cleango/pkg/formats/parquet.go:177.39,179.3 1 0
github.com/mstgnz/cleango/pkg/formats/parquet.go:181.2,181.12 1 0
github.com/mstgnz/cleango/pkg/formats/parquet.go:185.82,187.2 1 0
github.com/mstgnz/cleango/pkg/formats/parquet.go:190.75,193.33 2 0
github.com/mstgnz/cleango/pkg/formats/parquet.go:193.33,195.3 1 0
github.com/mstgnz/cleango/pkg/formats/parquet.go:198.2,199.28 2 0
github.com/mstgnz/cleango/pkg/formats/parquet.go:199.28,201.3 1 0
github.com/mstgnz/cleango/pkg/formats/parquet.go:203.2,203.34 1 0
github.com/mstgnz/cleango/pkg/formats/parquet.go:203.34,205.34 2 0
github.com/mstgnz/cleango/pkg/formats/parquet.go:205.34,206.20 1 0
github.com/mstgnz/cleango/pkg/formats/parquet.go:206.20,208.20 2 0
github.com/mstgnz/cleango/pkg/formats/parquet.go:208.20,209.14 1 0
github.com/mstgnz/cleango/pkg/formats/parquet.go:213.5,213.25 1 0
github.com/mstgnz/cleango/pkg/formats/parquet.go:213.25,214.38 1 0
github.com/mstgnz/cleango/pkg/formats/parquet.go:214.38,216.7 1 0
github.com/mstgnz/cleango/pkg/formats/parquet.go:216.12,218.7 1 0
github.com/mstgnz/cleango/pkg/formats/parquet.go:219.6,219.14 1 0
github.com/mstgnz/cleango/pkg/formats/parquet.go:223.5,223.44 1 0
github.com/mstgnz/cleango/pkg/formats/parquet.go:223.44,225.14 2 0
github.com/mstgnz/cleango/pkg/formats/parquet.go:232.2,233.33 2 0
github.com/mstgnz/cleango/pkg/formats/parquet.go:233.33,234.31 1 0
github.com/mstgnz/cleango/pkg/formats/parquet.go:235.22,236.29 1 0
github.com/mstgnz/cleango/pkg/formats/parquet.go:237.24,238.31 1 0
github.com/mstgnz/cleango/pkg/formats/parquet.go:239.21,240.26 1 0
github.com/mstgnz/cleango/pkg/formats/parquet.go:241.11,242.23 1 0
github.com/mstgnz/cleango/pkg/formats/parquet.go:246.2,246.15 1 0
github.com/mstgnz/cleango/pkg/formats/xml.go:23.37,29.2 1 4
github.com/mstgnz/cleango/pkg/formats/xml.go:32.55,33.29 1 2
github.com/mstgnz/cleango/pkg/formats/xml.go:33.29,35.3 1 2
github.com/mstgnz/cleango/pkg/formats/xml.go:39.55,40.29 1 2
github.com/mstgnz/cleango/pkg/formats/xml.go:40.29,42.3 1 2
github.com/mstgnz/cleango/pkg/formats/xml.go:46.43,47.29 1 1
github.com/mstgnz/cleango/pkg/formats/xml.go:47.29,49.3 1 1
github.com/mstgnz/cleango/pkg/formats/xml.go:53.88,58.33 2 2
github.com/mstgnz/cleango/pkg/formats/xml.go:58.33,60.3 1 2
github.com/mstgnz/cleango/pkg/formats/xml.go:63.2,64.16 2 2
github.com/mstgnz/cleango/pkg/formats/xml.go:64.16,66.3 1 0
github.com/mstgnz/cleango/pkg/formats/xml.go:67.2,77.6 7 2
github.com/mstgnz/cleango/pkg/formats/xml.go:77.6,79.20 2 113
github.com/mstgnz/cleango/pkg/formats/xml.go:79.20,80.9 1 2
github.com/mstgnz/cleango/pkg/formats/xml.go:82.3,82.17 1 111
github.com/mstgnz/cleango/pkg/formats/xml.go:82.17,84.4 1 0
github.com/mstgnz/cleango/pkg/formats/xml.go:86.3,86.28 1 111
github.com/mstgnz/cleango/pkg/formats/xml.go:87.25,88.40 1 32
github.com/mstgnz/cleango/pkg/formats/xml.go:88.40,90.13 2 2
github.com/mstgnz/cleango/pkg/formats/xml.go:93.4,93.50 1 30
github.com/mstgnz/cleango/pkg/formats/xml.go:93.50,96.13 3 6
github.com/mstgnz/cleango/pkg/formats/xml.go:99.4,99.14 1 24
github.com/mstgnz/cleango/pkg/formats/xml.go:99.14,101.5 1 24
github.com/mstgnz/cleango/pkg/formats/xml.go:103.23,104.40 1 32
github.com/mstgnz/cleango/pkg/formats/xml.go:104.40,106.5 1 2
github.com/mstgnz/cleango/pkg/formats/xml.go:108.4,108.40 1 32
github.com/mstgnz/cleango/pkg/formats/xml.go:108.40,112.5 3 6
github.com/mstgnz/cleango/pkg/formats/xml.go:114.4,114.23 1 32
github.com/mstgnz/cleango/pkg/formats/xml.go:116.21,117.38 1 45
github.com/mstgnz/cleango/pkg/formats/xml.go:117.38,120.19 3 24
github.com/mstgnz/cleango/pkg/formats/xml.go:120.19,122.6 1 24
github.com/mstgnz/cleango/pkg/formats/xml.go:128.2,131.31 2 2
github.com/mstgnz/cleango/pkg/formats/xml.go:131.31,132.27 1 6
github.com/mstgnz/cleango/pkg/formats/xml.go:132.27,134.4 1 24
github.com/mstgnz/cleango/pkg/formats/xml.go:138.2,139.30 2 2
github.com/mstgnz/cleango/pkg/formats/xml.go:139.30,141.3 1 8
github.com/mstgnz/cleango/pkg/formats/xml.go:142.2,146.31 3 2
github.com/mstgnz/cleango/pkg/formats/xml.go:146.31,148.38 2 6
github.com/mstgnz/cleango/pkg/formats/xml.go:148.38,149.37 1 24
github.com/mstgnz/cleango/pkg/formats/xml.go:149.37,151.5 1 24
github.com/mstgnz/cleango/pkg/formats/xml.go:151.10,153.5 1 0
github.com/mstgnz/cleango/pkg/formats/xml.go:155.3,155.16 1 6
github.com/mstgnz/cleango/pkg/formats/xml.go:158.2,158.31 1 2
github.com/mstgnz/cleango/pkg/formats/xml.go:162.102,167.33 2 2
github.com/mstgnz/cleango/pkg/formats/xml.go:167.33,169.3 1 3
github.com/mstgnz/cleango/pkg/formats/xml.go:172.2,173.16 2 2
github.com/mstgnz/cleango/pkg/formats/xml.go:173.16,175.3 1 0
github.com/mstgnz/cleango/pkg/formats/xml.go:176.2,180.17 3 2
github.com/mstgnz/cleango/pkg/formats/xml.go:180.17,182.3 1 1
github.com/mstgnz/cleango/pkg/formats/xml.go:185.2,185.56 1 2
github.com/mstgnz/cleango/pkg/formats/xml.go:185.56,187.3 1 0
github.com/mstgnz/cleango/pkg/formats/xml.go:190.2,190.103 1 2
github.com/mstgnz/cleango/pkg/formats/xml.go:190.103,192.3 1 0
github.com/mstgnz/cleango/pkg/formats/xml.go:195.2,195.27 1 2
github.com/mstgnz/cleango/pkg/formats/xml.go:195.27,197.104 1 6
github.com/mstgnz/cleango/pkg/formats/xml.go:197.104,199.4 1 0
github.com/mstgnz/cleango/pkg/formats/xml.go:202.3,202.34 1 6
github.com/mstgnz/cleango/pkg/formats/xml.go:202.34,203.36 1 24
github.com/mstgnz/cleango/pkg/formats/xml.go:203.36,205.96 1 24
github.com/mstgnz/cleango/pkg/formats/xml.go:205.96,207.6 1 0
github.com/mstgnz/cleango/pkg/formats/xml.go:210.5,210.69 1 24
github.com/mstgnz/cleango/pkg/formats/xml.go:210.69,212.6 1 0
github.com/mstgnz/cleango/pkg/formats/xml.go:215.5,215.94 1 24
github.com/mstgnz/cleango/pkg/formats/xml.go:215.94,217.6 1 0
github.com/mstgnz/cleango/pkg/formats/xml.go:222.3,222.102 1 6
github.com/mstgnz/cleango/pkg/formats/xml.go:222.102,224.4 1 0
github.com/mstgnz/cleango/pkg/formats/xml.go:228.2,228.101 1 2
github.com/mstgnz/cleango/pkg/formats/xml.go:228.101,230.3 1 0
github.com/mstgnz/cleango/pkg/formats/xml.go:233.2,233.40 1 2
github.com/mstgnz/cleango/pkg/formats/xml.go:233.40,235.3 1 0
github.com/mstgnz/cleango/pkg/formats/xml.go:237.2,237.12 1 2
github.com/mstgnz/cleango/pkg/formats/xml.go:244.49,246.2 1 1
github.com/mstgnz/cleango/pkg/formats/yaml.go:20.39,24.2 1 4
github.com/mstgnz/cleango/pkg/formats/yaml.go:27.45,28.30 1 2
github.com/mstgnz/cleango/pkg/formats/yaml.go:28.30,30.3 1 2
github.com/mstgnz/cleango/pkg/formats/yaml.go:34.90,39.33 2 2
github.com/mstgnz/cleango/pkg/formats/yaml.go:39.33,41.3 1 0
github.com/mstgnz/cleango/pkg/formats/yaml.go:44.2,45.16 2 2
github.com/mstgnz/cleango/pkg/formats/yaml.go:45.16,47.3 1 0
github.com/mstgnz/cleango/pkg/formats/yaml.go:48.2,53.46 4 2
github.com/mstgnz/cleango/pkg/formats/yaml.go:53.46,55.3 1 0
github.com/mstgnz/cleango/pkg/formats/yaml.go:58.2,61.30 2 2
github.com/mstgnz/cleango/pkg/formats/yaml.go:61.30,62.27 1 6
github.com/mstgnz/cleango/pkg/formats/yaml.go:62.27,64.4 1 24
github.com/mstgnz/cleango/pkg/formats/yaml.go:68.2,69.30 2 2
github.com/mstgnz/cleango/pkg/formats/yaml.go:69.30,71.3 1 8
github.com/mstgnz/cleango/pkg/formats/yaml.go:72.2,76.30 3 2
github.com/mstgnz/cleango/pkg/formats/yaml.go:76.30,78.38 2 6
github.com/mstgnz/cleango/pkg/formats/yaml.go:78.38,79.37 1 24
github.com/mstgnz/cleango/pkg/formats/yaml.go:79.37,81.5 1 24
github.com/mstgnz/cleango/pkg/formats/yaml.go:81.10,83.5 1 0
github.com/mstgnz/cleango/pkg/formats/yaml.go:85.3,85.16 1 6
github.com/mstgnz/cleango/pkg/formats/yaml.go:88.2,88.31 1 2
github.com/mstgnz/cleango/pkg/formats/yaml.go:92.104,97.33 2 2
github.com/mstgnz/cleango/pkg/formats/yaml.go:97.33,99.3 1 2
github.com/mstgnz/cleango/pkg/formats/yaml.go:102.2,103.27 2 2
github.com/mstgnz/cleango/pkg/formats/yaml.go:103.27,105.34 2 6
github.com/mstgnz/cleango/pkg/formats/yaml.go:105.34,106.20 1 24
github.com/mstgnz/cleango/pkg/formats/yaml.go:106.20,108.5 1 24
github.com/mstgnz/cleango/pkg/formats/yaml.go:110.3,110.23 1 6
github.com/mstgnz/cleango/pkg/formats/yaml.go:114.2,115.16 2 2
github.com/mstgnz/cleango/pkg/formats/yaml.go:115.16,117.3 1 0
github.com/mstgnz/cleango/pkg/formats/yaml.go:118.2,122.17 3 2
github.com/mstgnz/cleango/pkg/formats/yaml.go:122.17,124.3 1 2
github.com/mstgnz/cleango/pkg/formats/yaml.go:125.2,128.49 2 2
github.com/mstgnz/cleango/pkg/formats/yaml.go:128.49,130.3 1 0
github.com/mstgnz/cleango/pkg/formats/yaml.go:132.2,132.12 1 2
github.com/mstgnz/cleango/pkg/formats/yaml.go:139.50,141.2 1 1
github.com/mstgnz/cleango/pkg/formats/yaml.go:144.48,145.18 1 24
github.com/mstgnz/cleango/pkg/formats/yaml.go:145.18,147.3 1 0
github.com/mstgnz/cleango/pkg/formats/yaml.go:149.2,149.27 1 24
github.com/mstgnz/cleango/pkg/formats/yaml.go:150.14,151.11 1 24
github.com/mstgnz/cleango/pkg/formats/yaml.go:152.15,154.27 1 0
github.com/mstgnz/cleango/pkg/formats/yaml.go:154.27,156.4 1 0
github.com/mstgnz/cleango/pkg/formats/yaml.go:157.3,157.30 1 0
github.com/mstgnz/cleango/pkg/formats/yaml.go:158.12,159.30 1 0
github.com/mstgnz/cleango/pkg/formats/yaml.go:160.30,163.17 2 0
github.com/mstgnz/cleango/pkg/formats/yaml.go:163.17,165.4 1 0
github.com/mstgnz/cleango/pkg/formats/yaml.go:166.3,166.27 1 0
github.com/mstgnz/cleango/pkg/formats/yaml.go:167.21,170.17 2 0
github.com/mstgnz/cleango/pkg/formats/yaml.go:170.17,172.4 1 0
github.com/mstgnz/cleango/pkg/formats/yaml.go:173.3,173.27 1 0
github.com/mstgnz/cleango/pkg/formats/yaml.go:174.10,176.30 1 0
github.com/mstgnz/cleango/examples/comprehensive_example.go:15.13,18.56 2 0
github.com/mstgnz/cleango/examples/comprehensive_example.go:18.56,20.3 1 0
github.com/mstgnz/cleango/examples/comprehensive_example.go:23.2,62.55 21 0
github.com/mstgnz/cleango/examples/comprehensive_example.go:66.42,70.16 3 0
github.com/mstgnz/cleango/examples/comprehensive_example.go:70.16,72.3 1 0
github.com/mstgnz/cleango/examples/comprehensive_example.go:75.2,85.16 7 0
github.com/mstgnz/cleango/examples/comprehensive_example.go:85.16,87.3 1 0
github.com/mstgnz/cleango/examples/comprehensive_example.go:87.8,89.3 1 0
github.com/mstgnz/cleango/examples/comprehensive_example.go:92.2,93.16 2 0
github.com/mstgnz/cleango/examples/comprehensive_example.go:93.16,95.3 1 0
github.com/mstgnz/cleango/examples/comprehensive_example.go:95.8,97.3 1 0
github.com/mstgnz/cleango/examples/comprehensive_example.go:100.2,102.16 3 0
github.com/mstgnz/cleango/examples/comprehensive_example.go:102.16,104.3 1 0
github.com/mstgnz/cleango/examples/comprehensive_example.go:104.8,106.3 1 0
github.com/mstgnz/cleango/examples/comprehensive_example.go:110.38,114.16 3 0
github.com/mstgnz/cleango/examples/comprehensive_example.go:114.16,116.3 1 0
github.com/mstgnz/cleango/examples/comprehensive_example.go:119.2,124.16 4 0
github.com/mstgnz/cleango/examples/comprehensive_example.go:124.16,126.3 1 0
github.com/mstgnz/cleango/examples/comprehensive_example.go:126.8,128.3 1 0
github.com/mstgnz/cleango/examples/comprehensive_example.go:131.2,133.16 3 0
github.com/mstgnz/cleango/examples/comprehensive_example.go:133.16,135.3 1 0
github.com/mstgnz/cleango/examples/comprehensive_example.go:135.8,137.3 1 0
github.com/mstgnz/cleango/examples/comprehensive_example.go:141.37,147.16 3 0
github.com/mstgnz/cleango/examples/comprehensive_example.go:147.16,149.3 1 0
github.com/mstgnz/cleango/examples/comprehensive_example.go:152.2,157.16 4 0
github.com/mstgnz/cleango/examples/comprehensive_example.go:157.16,159.3 1 0
github.com/mstgnz/cleango/examples/comprehensive_example.go:159.8,161.3 1 0
github.com/mstgnz/cleango/examples/comprehensive_example.go:164.2,169.16 3 0
github.com/mstgnz/cleango/examples/comprehensive_example.go:169.16,171.3 1 0
github.com/mstgnz/cleango/examples/comprehensive_example.go:171.8,173.3 1 0
github.com/mstgnz/cleango/examples/comprehensive_example.go:177.21,188.16 4 0
github.com/mstgnz/cleango/examples/comprehensive_example.go:188.16,190.3 1 0
github.com/mstgnz/cleango/examples/comprehensive_example.go:193.2,199.16 5 0
github.com/mstgnz/cleango/examples/comprehensive_example.go:199.16,201.3 1 0
github.com/mstgnz/cleango/examples/comprehensive_example.go:201.8,203.3 1 0
github.com/mstgnz/cleango/examples/comprehensive_example.go:206.2,206.47 1 0
github.com/mstgnz/cleango/examples/comprehensive_example.go:206.47,208.17 2 0
github.com/mstgnz/cleango/examples/comprehensive_example.go:208.17,210.4 1 0
github.com/mstgnz/cleango/examples/comprehensive_example.go:210.9,213.4 2 0
github.com/mstgnz/cleango/examples/comprehensive_example.go:218.23,228.16 4 0
github.com/mstgnz/cleango/examples/comprehensive_example.go:228.16,230.3 1 0
github.com/mstgnz/cleango/examples/comprehensive_example.go:233.2,239.16 5 0
github.com/mstgnz/cleango/examples/comprehensive_example.go:239.16,241.3 1 0
github.com/mstgnz/cleango/examples/comprehensive_example.go:241.8,243.3 1 0
github.com/mstgnz/cleango/examples/comprehensive_example.go:246.2,246.47 1 0
github.com/mstgnz/cleango/examples/comprehensive_example.go:246.47,248.17 2 0
github.com/mstgnz/cleango/examples/comprehensive_example.go:248.17,250.4 1 0
github.com/mstgnz/cleango/examples/comprehensive_example.go:250.9,253.4 2 0
github.com/mstgnz/cleango/examples/comprehensive_example.go:258.50,262.16 3 0
github.com/mstgnz/cleango/examples/comprehensive_example.go:262.16,264.3 1 0
github.com/mstgnz/cleango/examples/comprehensive_example.go:266.2,272.16 5 0
github.com/mstgnz/cleango/examples/comprehensive_example.go:272.16,274.3 1 0
github.com/mstgnz/cleango/examples/comprehensive_example.go:274.8,276.3 1 0
github.com/mstgnz/cleango/examples/comprehensive_example.go:279.2,284.16 3 0
github.com/mstgnz/cleango/examples/comprehensive_example.go:284.16,286.3 1 0
github.com/mstgnz/cleango/examples/comprehensive_example.go:286.8,288.3 1 0
github.com/mstgnz/cleango/examples/comprehensive_example.go:291.2,293.16 3 0
github.com/mstgnz/cleango/examples/comprehensive_example.go:293.16,295.3 1 0
github.com/mstgnz/cleango/examples/comprehensive_example.go:295.8,297.3 1 0
github.com/mstgnz/cleango/examples/comprehensive_example.go:300.2,302.16 3 0
github.com/mstgnz/cleango/examples/comprehensive_example.go:302.16,304.3 1 0
github.com/mstgnz/cleango/examples/comprehensive_example.go:304.8,306.3 1 0
github.com/mstgnz/cleango/examples/comprehensive_example.go:310.52,314.16 3 0
github.com/mstgnz/cleango/examples/comprehensive_example.go:314.16,316.3 1 0
github.com/mstgnz/cleango/examples/comprehensive_example.go:318.2,330.16 7 0
github.com/mstgnz/cleango/examples/comprehensive_example.go:330.16,332.3 1 0
github.com/mstgnz/cleango/examples/comprehensive_example.go:333.2,337.16 3 0
github.com/mstgnz/cleango/examples/comprehensive_example.go:337.16,339.3 1 0
github.com/mstgnz/cleango/examples/comprehensive_example.go:339.8,341.3 1 0
github.com/mstgnz/cleango/examples/comprehensive_example.go:344.2,345.16 2 0
github.com/mstgnz/cleango/examples/comprehensive_example.go:345.16,347.3 1 0
github.com/mstgnz/cleango/examples/comprehensive_example.go:347.8,349.3 1 0
github.com/mstgnz/cleango/examples/comprehensive_example.go:352.2,353.16 2 0
github.com/mstgnz/cleango/examples/comprehensive_example.go:353.16,355.3 1 0
github.com/mstgnz/cleango/examples/comprehensive_example.go:355.8,357.3 1 0
github.com/mstgnz/cleango/examples/comprehensive_example.go:360.2,361.59 1 0
github.com/mstgnz/cleango/examples/comprehensive_example.go:361.59,363.4 1 0
github.com/mstgnz/cleango/examples/comprehensive_example.go:364.59,366.4 1 0
github.com/mstgnz/cleango/examples/comprehensive_example.go:369.2,370.16 2 0
github.com/mstgnz/cleango/examples/comprehensive_example.go:370.16,372.3 1 0
github.com/mstgnz/cleango/examples/comprehensive_example.go:372.8,374.3 1 0
github.com/mstgnz/cleango/examples/comprehensive_example.go:377.2,383.16 5 0
github.com/mstgnz/cleango/examples/comprehensive_example.go:383.16,385.3 1 0
github.com/mstgnz/cleango/examples/comprehensive_example.go:385.8,387.3 1 0
github.com/mstgnz/cleango/examples/comprehensive_example.go:391.32,403.16 4 0
github.com/mstgnz/cleango/examples/comprehensive_example.go:403.16,405.3 1 0
github.com/mstgnz/cleango/examples/comprehensive_example.go:407.2,412.16 4 0
github.com/mstgnz/cleango/examples/comprehensive_example.go:412.16,414.3 1 0
github.com/mstgnz/cleango/examples/comprehensive_example.go:414.8,416.3 1 0
github.com/mstgnz/cleango/examples/comprehensive_example.go:419.2,420.16 2 0
github.com/mstgnz/cleango/examples/comprehensive_example.go:420.16,422.3 1 0
github.com/mstgnz/cleango/examples/comprehensive_example.go:422.8,424.3 1 0
github.com/mstgnz/cleango/examples/comprehensive_example.go:427.2,428.16 2 0
github.com/mstgnz/cleango/examples/comprehensive_example.go:428.16,430.3 1 0
github.com/mstgnz/cleango/examples/comprehensive_example.go:430.8,432.3 1 0
github.com/mstgnz/cleango/examples/comprehensive_example.go:435.2,437.16 3 0
github.com/mstgnz/cleango/examples/comprehensive_example.go:437.16,439.3 1 0
github.com/mstgnz/cleango/examples/comprehensive_example.go:439.8,441.3 1 0
github.com/mstgnz/cleango/examples/comprehensive_example.go:445.26,457.16 4 0
github.com/mstgnz/cleango/examples/comprehensive_example.go:457.16,459.3 1 0
github.com/mstgnz/cleango/examples/comprehensive_example.go:461.2,516.16 5 0
github.com/mstgnz/cleango/examples/comprehensive_example.go:516.16,518.3 1 0
github.com/mstgnz/cleango/examples/comprehensive_example.go:518.8,520.3 1 0
github.com/mstgnz/cleango/examples/comprehensive_example.go:524.29,527.16 2 0
github.com/mstgnz/cleango/examples/comprehensive_example.go:527.16,529.3 1 0
github.com/mstgnz/cleango/examples/comprehensive_example.go:532.2,539.16 4 0
github.com/mstgnz/cleango/examples/comprehensive_example.go:539.16,541.3 1 0
github.com/mstgnz/cleango/examples/comprehensive_example.go:544.2,550.16 3 0
github.com/mstgnz/cleango/examples/comprehensive_example.go:550.16,552.3 1 0
github.com/mstgnz/cleango/examples/comprehensive_example.go:555.2,556.16 2 0
github.com/mstgnz/cleango/examples/comprehensive_example.go:556.16,558.3 1 0
github.com/mstgnz/cleango/examples/comprehensive_example.go:565.2,572.16 4 0
github.com/mstgnz/cleango/examples/comprehensive_example.go:572.16,574.3 1 0
github.com/mstgnz/cleango/examples/comprehensive_example.go:576.2,577.16 2 0
github.com/mstgnz/cleango/examples/comprehensive_example.go:577.16,579.3 1 0
github.com/mstgnz/cleango/examples/comprehensive_example.go:581.2,581.62 1 0
github.com/mstgnz/cleango/cmd/api/main.go:46.13,48.16 2 0
github.com/mstgnz/cleango/cmd/api/main.go:48.16,50.3 1 0
github.com/mstgnz/cleango/cmd/api/main.go:52.2,69.12 8 0
github.com/mstgnz/cleango/cmd/api/main.go:69.12,71.77 2 0
github.com/mstgnz/cleango/cmd/api/main.go:71.77,73.4 1 0
github.com/mstgnz/cleango/cmd/api/main.go:76.2,82.42 5 0
github.com/mstgnz/cleango/cmd/api/main.go:82.42,84.3 1 0
github.com/mstgnz/cleango/cmd/api/main.go:85.2,85.31 1 0
github.com/mstgnz/cleango/cmd/api/main.go:88.66,91.53 3 6
github.com/mstgnz/cleango/cmd/api/main.go:91.53,93.3 1 0
github.com/mstgnz/cleango/cmd/api/main.go:97.59,99.2 1 1
github.com/mstgnz/cleango/cmd/api/main.go:102.58,103.33 1 8
github.com/mstgnz/cleango/cmd/api/main.go:103.33,106.3 2 1
github.com/mstgnz/cleango/cmd/api/main.go:108.2,109.61 2 7
github.com/mstgnz/cleango/cmd/api/main.go:109.61,112.3 2 1
github.com/mstgnz/cleango/cmd/api/main.go:113.2,115.24 2 6
github.com/mstgnz/cleango/cmd/api/main.go:115.24,118.3 2 1
github.com/mstgnz/cleango/cmd/api/main.go:121.2,123.34 3 5
github.com/mstgnz/cleango/cmd/api/main.go:123.34,124.27 1 9
github.com/mstgnz/cleango/cmd/api/main.go:124.27,125.23 1 16
github.com/mstgnz/cleango/cmd/api/main.go:125.23,128.5 2 8
github.com/mstgnz/cleango/cmd/api/main.go:132.2,133.34 2 5
github.com/mstgnz/cleango/cmd/api/main.go:133.34,135.34 2 9
github.com/mstgnz/cleango/cmd/api/main.go:135.34,136.37 1 16
github.com/mstgnz/cleango/cmd/api/main.go:136.37,138.5 1 16
github.com/mstgnz/cleango/cmd/api/main.go:140.3,140.16 1 9
github.com/mstgnz/cleango/cmd/api/main.go:143.2,144.16 2 5
github.com/mstgnz/cleango/cmd/api/main.go:144.16,147.3 2 0
github.com/mstgnz/cleango/cmd/api/main.go:149.2,152.24 2 5
github.com/mstgnz/cleango/cmd/api/main.go:152.24,154.3 1 0
github.com/mstgnz/cleango/cmd/api/main.go:156.2,156.85 1 5
github.com/mstgnz/cleango/cmd/api/main.go:156.85,159.3 2 0
github.com/mstgnz/cleango/cmd/api/main.go:161.2,168.4 3 5
github.com/mstgnz/cleango/cmd/api/main.go:172.62,173.33 1 4
github.com/mstgnz/cleango/cmd/api/main.go:173.33,176.3 2 1
github.com/mstgnz/cleango/cmd/api/main.go:178.2,179.61 2 3
github.com/mstgnz/cleango/cmd/api/main.go:179.61,182.3 2 0
github.com/mstgnz/cleango/cmd/api/main.go:183.2,185.24 2 3
github.com/mstgnz/cleango/cmd/api/main.go:185.24,188.3 2 1
github.com/mstgnz/cleango/cmd/api/main.go:191.2,193.51 3 2
github.com/mstgnz/cleango/cmd/api/main.go:193.51,196.3 2 0
github.com/mstgnz/cleango/cmd/api/main.go:199.2,200.42 2 2
github.com/mstgnz/cleango/cmd/api/main.go:200.42,203.3 2 1
github.com/mstgnz/cleango/cmd/api/main.go:205.2,206.23 2 1
github.com/mstgnz/cleango/cmd/api/main.go:206.23,209.3 2 1
github.com/mstgnz/cleango/cmd/api/main.go:211.2,214.22 3 0
github.com/mstgnz/cleango/cmd/api/main.go:214.22,216.3 1 0
github.com/mstgnz/cleango/cmd/api/main.go:217.2,217.24 1 0
github.com/mstgnz/cleango/cmd/api/main.go:217.24,219.3 1 0
github.com/mstgnz/cleango/cmd/api/main.go:221.2,222.24 2 0
github.com/mstgnz/cleango/cmd/api/main.go:222.24,224.3 1 0
github.com/mstgnz/cleango/cmd/api/main.go:226.2,227.21 2 0
github.com/mstgnz/cleango/cmd/api/main.go:228.13,229.42 1 0
github.com/mstgnz/cleango/cmd/api/main.go:230.14,231.43 1 0
github.com/mstgnz/cleango/cmd/api/main.go:232.15,233.44 1 0
github.com/mstgnz/cleango/cmd/api/main.go:234.17,235.46 1 0
github.com/mstgnz/cleango/cmd/api/main.go:237.2,237.16 1 0
github.com/mstgnz/cleango/cmd/api/main.go:237.16,240.3 2 0
github.com/mstgnz/cleango/cmd/api/main.go:242.2,242.85 1 0
github.com/mstgnz/cleango/cmd/api/main.go:242.85,245.3 2 0
github.com/mstgnz/cleango/cmd/api/main.go:247.2,248.22 2 0
github.com/mstgnz/cleango/cmd/api/main.go:249.13,250.37 1 0
github.com/mstgnz/cleango/cmd/api/main.go:251.14,252.38 1 0
github.com/mstgnz/cleango/cmd/api/main.go:253.15,254.39 1 0
github.com/mstgnz/cleango/cmd/api/main.go:255.17,256.41 1 0
github.com/mstgnz/cleango/cmd/api/main.go:258.2,258.21 1 0
github.com/mstgnz/cleango/cmd/api/main.go:258.21,261.3 2 0
github.com/mstgnz/cleango/cmd/api/main.go:263.2,268.4 2 0
github.com/mstgnz/cleango/cmd/api/main.go:272.131,273.33 1 7
github.com/mstgnz/cleango/cmd/api/main.go:273.33,277.21 3 6
github.com/mstgnz/cleango/cmd/api/main.go:278.15,279.16 1 2
github.com/mstgnz/cleango/cmd/api/main.go:279.16,280.79 1 1
github.com/mstgnz/cleango/cmd/api/main.go:280.79,282.6 1 0
github.com/mstgnz/cleango/cmd/api/main.go:282.11,284.6 1 1
github.com/mstgnz/cleango/cmd/api/main.go:285.10,287.5 1 1
github.com/mstgnz/cleango/cmd/api/main.go:289.26,290.22 1 0
github.com/mstgnz/cleango/cmd/api/main.go:290.22,291.13 1 0
github.com/mstgnz/cleango/cmd/api/main.go:293.4,294.27 2 0
github.com/mstgnz/cleango/cmd/api/main.go:294.27,295.13 1 0
github.com/mstgnz/cleango/cmd/api/main.go:297.4,299.16 3 0
github.com/mstgnz/cleango/cmd/api/main.go:299.16,301.5 1 0
github.com/mstgnz/cleango/cmd/api/main.go:301.10,303.5 1 0
github.com/mstgnz/cleango/cmd/api/main.go:304.4,304.18 1 0
github.com/mstgnz/cleango/cmd/api/main.go:304.18,306.5 1 0
github.com/mstgnz/cleango/cmd/api/main.go:308.24,309.22 1 1
github.com/mstgnz/cleango/cmd/api/main.go:309.22,310.13 1 0
github.com/mstgnz/cleango/cmd/api/main.go:312.4,313.27 2 1
github.com/mstgnz/cleango/cmd/api/main.go:313.27,314.13 1 0
github.com/mstgnz/cleango/cmd/api/main.go:316.4,318.16 3 1
github.com/mstgnz/cleango/cmd/api/main.go:318.16,320.5 1 0
github.com/mstgnz/cleango/cmd/api/main.go:320.10,322.5 1 1
github.com/mstgnz/cleango/cmd/api/main.go:323.4,323.18 1 1
github.com/mstgnz/cleango/cmd/api/main.go:323.18,325.5 1 0
github.com/mstgnz/cleango/cmd/api/main.go:327.25,328.22 1 1
github.com/mstgnz/cleango/cmd/api/main.go:328.22,329.13 1 0
github.com/mstgnz/cleango/cmd/api/main.go:331.4,332.27 2 1
github.com/mstgnz/cleango/cmd/api/main.go:332.27,333.13 1 0
github.com/mstgnz/cleango/cmd/api/main.go:335.4,338.16 4 1
github.com/mstgnz/cleango/cmd/api/main.go:338.16,340.5 1 0
github.com/mstgnz/cleango/cmd/api/main.go:340.10,342.5 1 1
github.com/mstgnz/cleango/cmd/api/main.go:343.4,343.18 1 1
github.com/mstgnz/cleango/cmd/api/main.go:343.18,345.5 1 0
github.com/mstgnz/cleango/cmd/api/main.go:347.22,348.22 1 1
github.com/mstgnz/cleango/cmd/api/main.go:348.22,349.13 1 0
github.com/mstgnz/cleango/cmd/api/main.go:351.4,352.28 2 1
github.com/mstgnz/cleango/cmd/api/main.go:352.28,353.13 1 0
github.com/mstgnz/cleango/cmd/api/main.go:355.4,357.16 3 1
github.com/mstgnz/cleango/cmd/api/main.go:357.16,359.5 1 0
github.com/mstgnz/cleango/cmd/api/main.go:359.10,361.5 1 1
github.com/mstgnz/cleango/cmd/api/main.go:362.4,362.18 1 1
github.com/mstgnz/cleango/cmd/api/main.go:362.18,364.5 1 0
github.com/mstgnz/cleango/cmd/api/main.go:366.23,367.22 1 0
github.com/mstgnz/cleango/cmd/api/main.go:367.22,368.13 1 0
github.com/mstgnz/cleango/cmd/api/main.go:370.4,371.27 2 0
github.com/mstgnz/cleango/cmd/api/main.go:371.27,372.13 1 0
github.com/mstgnz/cleango/cmd/api/main.go:374.4,376.75 3 0
github.com/mstgnz/cleango/cmd/api/main.go:376.75,378.5 1 0
github.com/mstgnz/cleango/cmd/api/main.go:380.26,381.22 1 0
github.com/mstgnz/cleango/cmd/api/main.go:381.22,382.13 1 0
github.com/mstgnz/cleango/cmd/api/main.go:384.4,385.30 2 0
github.com/mstgnz/cleango/cmd/api/main.go:385.30,386.13 1 0
github.com/mstgnz/cleango/cmd/api/main.go:388.4,391.34 4 0
github.com/mstgnz/cleango/cmd/api/main.go:391.34,393.13 2 0
github.com/mstgnz/cleango/cmd/api/main.go:395.4,396.16 2 0
github.com/mstgnz/cleango/cmd/api/main.go:396.16,398.5 1 0
github.com/mstgnz/cleango/cmd/api/main.go:398.10,400.5 1 0
github.com/mstgnz/cleango/cmd/api/main.go:401.4,401.18 1 0
github.com/mstgnz/cleango/cmd/api/main.go:401.18,403.5 1 0
github.com/mstgnz/cleango/cmd/api/main.go:406.2,406.12 1 7
github.com/mstgnz/cleango/cmd/api/main.go:409.70,411.35 2 5
github.com/mstgnz/cleango/cmd/api/main.go:411.35,413.42 2 9
github.com/mstgnz/cleango/cmd/api/main.go:413.42,414.20 1 16
github.com/mstgnz/cleango/cmd/api/main.go:414.20,416.5 1 16
github.com/mstgnz/cleango/cmd/api/main.go:418.3,418.21 1 9
github.com/mstgnz/cleango/cmd/api/main.go:420.2,420.15 1 5
github.com/mstgnz/cleango/cmd/api/main.go:423.44,425.13 2 10
github.com/mstgnz/cleango/cmd/api/main.go:426.14,427.15 1 2
github.com/mstgnz/cleango/cmd/api/main.go:428.15,429.16 1 2
github.com/mstgnz/cleango/cmd/api/main.go:430.23,431.17 1 2
github.com/mstgnz/cleango/cmd/api/main.go:432.18,433.19 1 1
github.com/mstgnz/cleango/cmd/api/main.go:434.10,435.12 1 3
github.com/mstgnz/cleango/cmd/cleango/main.go:17.13,18.22 1 0
github.com/mstgnz/cleango/cmd/cleango/main.go:18.22,23.3 4 0
github.com/mstgnz/cleango/cmd/cleango/main.go:25.2,25.20 1 0
github.com/mstgnz/cleango/cmd/cleango/main.go:26.15,27.47 1 0
github.com/mstgnz/cleango/cmd/cleango/main.go:27.47,30.4 2 0
github.com/mstgnz/cleango/cmd/cleango/main.go:31.10,33.13 2 0
github.com/mstgnz/cleango/cmd/cleango/main.go:39.36,57.45 16 8
github.com/mstgnz/cleango/cmd/cleango/main.go:57.45,59.3 1 0
github.com/mstgnz/cleango/cmd/cleango/main.go:61.2,62.25 2 8
github.com/mstgnz/cleango/cmd/cleango/main.go:62.25,64.3 1 1
github.com/mstgnz/cleango/cmd/cleango/main.go:65.2,68.23 3 7
github.com/mstgnz/cleango/cmd/cleango/main.go:68.23,70.3 1 1
github.com/mstgnz/cleango/cmd/cleango/main.go:72.2,75.22 3 6
github.com/mstgnz/cleango/cmd/cleango/main.go:75.22,77.3 1 1
github.com/mstgnz/cleango/cmd/cleango/main.go:78.2,78.24 1 6
github.com/mstgnz/cleango/cmd/cleango/main.go:78.24,80.3 1 6
github.com/mstgnz/cleango/cmd/cleango/main.go:82.2,83.54 2 6
github.com/mstgnz/cleango/cmd/cleango/main.go:83.54,85.3 1 6
github.com/mstgnz/cleango/cmd/cleango/main.go:87.2,88.26 2 6
github.com/mstgnz/cleango/cmd/cleango/main.go:88.26,90.3 1 6
github.com/mstgnz/cleango/cmd/cleango/main.go:92.2,93.43 2 6
github.com/mstgnz/cleango/cmd/cleango/main.go:94.16,95.100 1 6
github.com/mstgnz/cleango/cmd/cleango/main.go:96.14,97.98 1 0
github.com/mstgnz/cleango/cmd/cleango/main.go:98.13,99.97 1 0
github.com/mstgnz/cleango/cmd/cleango/main.go:100.14,101.98 1 0
github.com/mstgnz/cleango/cmd/cleango/main.go:102.22,103.106 1 0
github.com/mstgnz/cleango/cmd/cleango/main.go:104.10,105.100 1 0
github.com/mstgnz/cleango/cmd/cleango/main.go:108.2,109.22 2 6
github.com/mstgnz/cleango/cmd/cleango/main.go:109.22,111.3 1 1
github.com/mstgnz/cleango/cmd/cleango/main.go:113.2,116.21 3 6
github.com/mstgnz/cleango/cmd/cleango/main.go:117.13,118.54 1 6
github.com/mstgnz/cleango/cmd/cleango/main.go:119.14,120.40 1 0
github.com/mstgnz/cleango/cmd/cleango/main.go:121.15,122.58 1 0
github.com/mstgnz/cleango/cmd/cleango/main.go:123.17,124.62 1 0
github.com/mstgnz/cleango/cmd/cleango/main.go:126.2,126.16 1 6
github.com/mstgnz/cleango/cmd/cleango/main.go:126.16,128.3 1 1
github.com/mstgnz/cleango/cmd/cleango/main.go:130.2,130.19 1 5
github.com/mstgnz/cleango/cmd/cleango/main.go:130.19,131.137 1 1
github.com/mstgnz/cleango/cmd/cleango/main.go:131.137,133.4 1 0
github.com/mstgnz/cleango/cmd/cleango/main.go:134.8,135.129 1 4
github.com/mstgnz/cleango/cmd/cleango/main.go:135.129,137.4 1 0
github.com/mstgnz/cleango/cmd/cleango/main.go:140.2,140.22 1 5
github.com/mstgnz/cleango/cmd/cleango/main.go:141.13,142.47 1 5
github.com/mstgnz/cleango/cmd/cleango/main.go:143.14,144.33 1 0
github.com/mstgnz/cleango/cmd/cleango/main.go:145.15,146.51 1 0
github.com/mstgnz/cleango/cmd/cleango/main.go:147.17,148.55 1 0
github.com/mstgnz/cleango/cmd/cleango/main.go:150.2,150.16 1 5
github.com/mstgnz/cleango/cmd/cleango/main.go:150.16,152.3 1 0
github.com/mstgnz/cleango/cmd/cleango/main.go:154.2,157.12 4 5
github.com/mstgnz/cleango/cmd/cleango/main.go:160.179,161.15 1 1
github.com/mstgnz/cleango/cmd/cleango/main.go:161.15,163.17 2 1
github.com/mstgnz/cleango/cmd/cleango/main.go:163.17,165.4 1 0
github.com/mstgnz/cleango/cmd/cleango/main.go:165.9,168.4 2 1
github.com/mstgnz/cleango/cmd/cleango/main.go:171.2,171.27 1 1
github.com/mstgnz/cleango/cmd/cleango/main.go:171.27,173.22 2 0
github.com/mstgnz/cleango/cmd/cleango/main.go:173.22,175.76 2 0
github.com/mstgnz/cleango/cmd/cleango/main.go:175.76,177.5 1 0
github.com/mstgnz/cleango/cmd/cleango/main.go:177.10,179.5 1 0
github.com/mstgnz/cleango/cmd/cleango/main.go:183.2,183.28 1 1
github.com/mstgnz/cleango/cmd/cleango/main.go:183.28,184.68 1 0
github.com/mstgnz/cleango/cmd/cleango/main.go:184.68,186.23 2 0
github.com/mstgnz/cleango/cmd/cleango/main.go:186.23,188.78 2 0
github.com/mstgnz/cleango/cmd/cleango/main.go:188.78,190.6 1 0
github.com/mstgnz/cleango/cmd/cleango/main.go:190.11,192.6 1 0
github.com/mstgnz/cleango/cmd/cleango/main.go:197.2,197.21 1 1
github.com/mstgnz/cleango/cmd/cleango/main.go:197.21,198.51 1 0
github.com/mstgnz/cleango/cmd/cleango/main.go:198.51,200.23 2 0
github.com/mstgnz/cleango/cmd/cleango/main.go:200.23,203.81 3 0
github.com/mstgnz/cleango/cmd/cleango/main.go:203.81,205.6 1 0
github.com/mstgnz/cleango/cmd/cleango/main.go:205.11,207.17 2 0
github.com/mstgnz/cleango/cmd/cleango/main.go:207.17,209.7 1 0
github.com/mstgnz/cleango/cmd/cleango/main.go:210.6,210.91 1 0
github.com/mstgnz/cleango/cmd/cleango/main.go:216.2,216.22 1 1
github.com/mstgnz/cleango/cmd/cleango/main.go:216.22,217.52 1 0
github.com/mstgnz/cleango/cmd/cleango/main.go:217.52,219.23 2 0
github.com/mstgnz/cleango/cmd/cleango/main.go:219.23,221.95 2 0
github.com/mstgnz/cleango/cmd/cleango/main.go:221.95,223.6 1 0
github.com/mstgnz/cleango/cmd/cleango/main.go:223.11,225.6 1 0
github.com/mstgnz/cleango/cmd/cleango/main.go:230.2,230.24 1 1
github.com/mstgnz/cleango/cmd/cleango/main.go:230.24,231.54 1 0
github.com/mstgnz/cleango/cmd/cleango/main.go:231.54,233.23 2 0
github.com/mstgnz/cleango/cmd/cleango/main.go:233.23,237.35 4 0
github.com/mstgnz/cleango/cmd/cleango/main.go:237.35,239.14 2 0
github.com/mstgnz/cleango/cmd/cleango/main.go:241.5,241.83 1 0
github.com/mstgnz/cleango/cmd/cleango/main.go:241.83,243.6 1 0
github.com/mstgnz/cleango/cmd/cleango/main.go:243.11,245.6 1 0
github.com/mstgnz/cleango/cmd/cleango/main.go:250.2,250.12 1 1
github.com/mstgnz/cleango/cmd/cleango/main.go:253.149,254.15 1 4
github.com/mstgnz/cleango/cmd/cleango/main.go:254.15,257.3 2 1
github.com/mstgnz/cleango/cmd/cleango/main.go:259.2,259.27 1 4
github.com/mstgnz/cleango/cmd/cleango/main.go:259.27,261.22 2 0
github.com/mstgnz/cleango/cmd/cleango/main.go:261.22,263.59 2 0
github.com/mstgnz/cleango/cmd/cleango/main.go:263.59,265.5 1 0
github.com/mstgnz/cleango/cmd/cleango/main.go:265.10,267.5 1 0
github.com/mstgnz/cleango/cmd/cleango/main.go:271.2,271.28 1 4
github.com/mstgnz/cleango/cmd/cleango/main.go:271.28,272.68 1 1
github.com/mstgnz/cleango/cmd/cleango/main.go:272.68,274.23 2 1
github.com/mstgnz/cleango/cmd/cleango/main.go:274.23,276.61 2 1
github.com/mstgnz/cleango/cmd/cleango/main.go:276.61,278.6 1 0
github.com/mstgnz/cleango/cmd/cleango/main.go:278.11,280.6 1 1
github.com/mstgnz/cleango/cmd/cleango/main.go:285.2,285.21 1 4
github.com/mstgnz/cleango/cmd/cleango/main.go:285.21,286.51 1 1
github.com/mstgnz/cleango/cmd/cleango/main.go:286.51,288.23 2 1
github.com/mstgnz/cleango/cmd/cleango/main.go:288.23,291.64 3 1
github.com/mstgnz/cleango/cmd/cleango/main.go:291.64,293.6 1 0
github.com/mstgnz/cleango/cmd/cleango/main.go:293.11,295.17 2 1
github.com/mstgnz/cleango/cmd/cleango/main.go:295.17,297.7 1 1
github.com/mstgnz/cleango/cmd/cleango/main.go:298.6,298.79 1 1
github.com/mstgnz/cleango/cmd/cleango/main.go:304.2,304.22 1 4
github.com/mstgnz/cleango/cmd/cleango/main.go:304.22,305.52 1 0
github.com/mstgnz/cleango/cmd/cleango/main.go:305.52,307.23 2 0
github.com/mstgnz/cleango/cmd/cleango/main.go:307.23,309.78 2 0
github.com/mstgnz/cleango/cmd/cleango/main.go:309.78,311.6 1 0
github.com/mstgnz/cleango/cmd/cleango/main.go:311.11,313.6 1 0
github.com/mstgnz/cleango/cmd/cleango/main.go:318.2,318.22 1 4
github.com/mstgnz/cleango/cmd/cleango/main.go:318.22,319.52 1 0
github.com/mstgnz/cleango/cmd/cleango/main.go:319.52,321.23 2 0
github.com/mstgnz/cleango/cmd/cleango/main.go:321.23,324.76 3 0
github.com/mstgnz/cleango/cmd/cleango/main.go:324.76,326.6 1 0
github.com/mstgnz/cleango/cmd/cleango/main.go:326.11,328.6 1 0
github.com/mstgnz/cleango/cmd/cleango/main.go:333.2,333.24 1 4
github.com/mstgnz/cleango/cmd/cleango/main.go:333.24,334.54 1 1
github.com/mstgnz/cleango/cmd/cleango/main.go:334.54,336.23 2 1
github.com/mstgnz/cleango/cmd/cleango/main.go:336.23,340.35 4 1
github.com/mstgnz/cleango/cmd/cleango/main.go:340.35,342.14 2 0
github.com/mstgnz/cleango/cmd/cleango/main.go:344.5,344.66 1 1
github.com/mstgnz/cleango/cmd/cleango/main.go:344.66,346.6 1 0
github.com/mstgnz/cleango/cmd/cleango/main.go:346.11,348.6 1 1
github.com/mstgnz/cleango/cmd/cleango/main.go:353.2,353.12 1 4
github.com/mstgnz/cleango/cmd/cleango/main.go:356.44,358.13 2 33
github.com/mstgnz/cleango/cmd/cleango/main.go:359.14,360.15 1 11
github.com/mstgnz/cleango/cmd/cleango/main.go:361.15,362.16 1 4
github.com/mstgnz/cleango/cmd/cleango/main.go:363.23,364.17 1 5
github.com/mstgnz/cleango/cmd/cleango/main.go:365.18,366.19 1 3
github.com/mstgnz/cleango/cmd/cleango/main.go:367.10,368.12 1 10
github.com/mstgnz/cleango/pkg/cleaner/csv.go:8.81,10.16 2 4
github.com/mstgnz/cleango/pkg/cleaner/csv.go:10.16,12.3 1 0
github.com/mstgnz/cleango/pkg/cleaner/csv.go:14.2,14.36 1 4
github.com/mstgnz/cleango/pkg/cleaner/csv.go:18.84,20.2 1 2
github.com/mstgnz/cleango/pkg/cleaner/dataframe.go:19.44,21.2 1 14
github.com/mstgnz/cleango/pkg/cleaner/dataframe.go:24.43,26.2 1 29
github.com/mstgnz/cleango/pkg/cleaner/dataframe.go:41.74,42.23 1 38
github.com/mstgnz/cleango/pkg/cleaner/dataframe.go:42.23,44.3 1 1
github.com/mstgnz/cleango/pkg/cleaner/dataframe.go:47.2,47.27 1 37
github.com/mstgnz/cleango/pkg/cleaner/dataframe.go:47.27,48.31 1 110
github.com/mstgnz/cleango/pkg/cleaner/dataframe.go:48.31,50.4 1 1
github.com/mstgnz/cleango/pkg/cleaner/dataframe.go:54.2,55.33 2 36
github.com/mstgnz/cleango/pkg/cleaner/dataframe.go:55.33,57.3 1 114
github.com/mstgnz/cleango/pkg/cleaner/dataframe.go:59.2,63.8 1 36
github.com/mstgnz/cleango/pkg/cleaner/dataframe.go:67.47,68.25 1 1
github.com/mstgnz/cleango/pkg/cleaner/dataframe.go:68.25,69.29 1 2
github.com/mstgnz/cleango/pkg/cleaner/dataframe.go:69.29,71.4 1 6
github.com/mstgnz/cleango/pkg/cleaner/dataframe.go:73.2,73.11 1 1
github.com/mstgnz/cleango/pkg/cleaner/dataframe.go:77.91,79.20 2 3
github.com/mstgnz/cleango/pkg/cleaner/dataframe.go:79.20,81.3 1 1
github.com/mstgnz/cleango/pkg/cleaner/dataframe.go:83.2,83.25 1 2
github.com/mstgnz/cleango/pkg/cleaner/dataframe.go:83.25,84.33 1 6
github.com/mstgnz/cleango/pkg/cleaner/dataframe.go:84.33,86.4 1 2
github.com/mstgnz/cleango/pkg/cleaner/dataframe.go:88.2,88.16 1 2
github.com/mstgnz/cleango/pkg/cleaner/dataframe.go:93.83,95.20 2 2
github.com/mstgnz/cleango/pkg/cleaner/dataframe.go:95.20,97.3 1 1
github.com/mstgnz/cleango/pkg/cleaner/dataframe.go:99.2,99.25 1 1
github.com/mstgnz/cleango/pkg/cleaner/dataframe.go:99.25,100.33 1 4
github.com/mstgnz/cleango/pkg/cleaner/dataframe.go:100.33,101.12 1 0
github.com/mstgnz/cleango/pkg/cleaner/dataframe.go:104.3,105.17 2 4
github.com/mstgnz/cleango/pkg/cleaner/dataframe.go:105.17,107.4 1 0
github.com/mstgnz/cleango/pkg/cleaner/dataframe.go:109.3,109.42 1 4
github.com/mstgnz/cleango/pkg/cleaner/dataframe.go:112.2,113.16 2 1
github.com/mstgnz/cleango/pkg/cleaner/dataframe.go:117.85,119.20 2 3
github.com/mstgnz/cleango/pkg/cleaner/dataframe.go:119.20,121.3 1 1
github.com/mstgnz/cleango/pkg/cleaner/dataframe.go:123.2,123.25 1 2
github.com/mstgnz/cleango/pkg/cleaner/dataframe.go:123.25,124.14 1 6
github.com/mstgnz/cleango/pkg/cleaner/dataframe.go:124.14,126.4 1 3
github.com/mstgnz/cleango/pkg/cleaner/dataframe.go:126.9,128.4 1 3
github.com/mstgnz/cleango/pkg/cleaner/dataframe.go:130.2,130.16 1 2
github.com/mstgnz/cleango/pkg/cleaner/dataframe.go:134.80,136.20 2 2
github.com/mstgnz/cleango/pkg/cleaner/dataframe.go:136.20,138.3 1 1
github.com/mstgnz/cleango/pkg/cleaner/dataframe.go:141.2,141.38 1 1
github.com/mstgnz/cleango/pkg/cleaner/dataframe.go:141.38,143.3 1 0
github.com/mstgnz/cleango/pkg/cleaner/dataframe.go:146.2,149.36 2 1
github.com/mstgnz/cleango/pkg/cleaner/dataframe.go:149.36,152.3 2 1
github.com/mstgnz/cleango/pkg/cleaner/dataframe.go:154.2,154.16 1 1
github.com/mstgnz/cleango/pkg/cleaner/dataframe.go:158.56,159.36 1 30
github.com/mstgnz/cleango/pkg/cleaner/dataframe.go:159.36,160.23 1 69
github.com/mstgnz/cleango/pkg/cleaner/dataframe.go:160.23,162.4 1 17
github.com/mstgnz/cleango/pkg/cleaner/dataframe.go:164.2,164.11 1 13
github.com/mstgnz/cleango/pkg/cleaner/dataframe.go:168.45,169.12 1 2
github.com/mstgnz/cleango/pkg/cleaner/dataframe.go:169.12,171.3 1 0
github.com/mstgnz/cleango/pkg/cleaner/dataframe.go:172.2,172.22 1 2
github.com/mstgnz/cleango/pkg/cleaner/dataframe.go:172.22,174.3 1 1
github.com/mstgnz/cleango/pkg/cleaner/dataframe.go:176.2,178.25 3 2
github.com/mstgnz/cleango/pkg/cleaner/dataframe.go:178.25,180.3 1 8
github.com/mstgnz/cleango/pkg/cleaner/dataframe.go:181.2,181.15 1 2
github.com/mstgnz/cleango/pkg/cleaner/dataframe.go:185.41,187.2 1 3
github.com/mstgnz/cleango/pkg/cleaner/dataframe.go:190.108,192.20 2 2
github.com/mstgnz/cleango/pkg/cleaner/dataframe.go:192.20,194.3 1 1
github.com/mstgnz/cleango/pkg/cleaner/dataframe.go:197.2,198.16 2 1
github.com/mstgnz/cleango/pkg/cleaner/dataframe.go:198.16,200.3 1 0
github.com/mstgnz/cleango/pkg/cleaner/dataframe.go:203.2,203.25 1 1
github.com/mstgnz/cleango/pkg/cleaner/dataframe.go:203.25,205.3 1 3
github.com/mstgnz/cleango/pkg/cleaner/dataframe.go:207.2,207.16 1 1
github.com/mstgnz/cleango/pkg/cleaner/dataframe.go:211.108,213.20 2 2
github.com/mstgnz/cleango/pkg/cleaner/dataframe.go:213.20,215.3 1 1
github.com/mstgnz/cleango/pkg/cleaner/dataframe.go:218.2,218.26 1 1
github.com/mstgnz/cleango/pkg/cleaner/dataframe.go:218.26,220.3 1 0
github.com/mstgnz/cleango/pkg/cleaner/dataframe.go:223.2,223.36 1 1
github.com/mstgnz/cleango/pkg/cleaner/dataframe.go:223.36,224.38 1 3
github.com/mstgnz/cleango/pkg/cleaner/dataframe.go:224.38,226.4 1 0
github.com/mstgnz/cleango/pkg/cleaner/dataframe.go:230.2,231.36 2 1
github.com/mstgnz/cleango/pkg/cleaner/dataframe.go:231.36,232.20 1 2
github.com/mstgnz/cleango/pkg/cleaner/dataframe.go:232.20,235.4 1 1
github.com/mstgnz/cleango/pkg/cleaner/dataframe.go:235.9,237.4 1 1
github.com/mstgnz/cleango/pkg/cleaner/dataframe.go:241.2,242.30 2 1
github.com/mstgnz/cleango/pkg/cleaner/dataframe.go:242.30,248.28 3 3
github.com/mstgnz/cleango/pkg/cleaner/dataframe.go:248.28,249.21 1 6
github.com/mstgnz/cleango/pkg/cleaner/dataframe.go:249.21,251.42 1 3
github.com/mstgnz/cleango/pkg/cleaner/dataframe.go:251.42,252.24 1 9
github.com/mstgnz/cleango/pkg/cleaner/dataframe.go:252.24,254.7 1 7
github.com/mstgnz/cleango/pkg/cleaner/dataframe.go:254.12,256.7 1 2
github.com/mstgnz/cleango/pkg/cleaner/dataframe.go:258.10,260.5 1 3
github.com/mstgnz/cleango/pkg/cleaner/dataframe.go:262.3,262.22 1 3
github.com/mstgnz/cleango/pkg/cleaner/dataframe.go:266.2,267.36 2 1
github.com/mstgnz/cleango/pkg/cleaner/dataframe.go:267.36,268.23 1 2
github.com/mstgnz/cleango/pkg/cleaner/dataframe.go:268.23,270.4 1 1
github.com/mstgnz/cleango/pkg/cleaner/dataframe.go:273.2,273.36 1 1
github.com/mstgnz/cleango/pkg/cleaner/dataframe.go:273.36,275.3 1 3
github.com/mstgnz/cleango/pkg/cleaner/dataframe.go:278.2,282.16 4 1
github.com/mstgnz/cleango/pkg/cleaner/dataframe.go:286.90,288.20 2 3
github.com/mstgnz/cleango/pkg/cleaner/dataframe.go:288.20,290.3 1 1
github.com/mstgnz/cleango/pkg/cleaner/dataframe.go:293.2,294.30 2 2
github.com/mstgnz/cleango/pkg/cleaner/dataframe.go:294.30,296.26 1 6
github.com/mstgnz/cleango/pkg/cleaner/dataframe.go:296.26,298.12 2 0
github.com/mstgnz/cleango/pkg/cleaner/dataframe.go:302.3,303.17 2 6
github.com/mstgnz/cleango/pkg/cleaner/dataframe.go:303.17,305.4 1 1
github.com/mstgnz/cleango/pkg/cleaner/dataframe.go:308.3,308.31 1 5
github.com/mstgnz/cleango/pkg/cleaner/dataframe.go:308.31,310.4 1 3
github.com/mstgnz/cleango/pkg/cleaner/dataframe.go:314.2,316.16 2 1
github.com/mstgnz/cleango/pkg/cleaner/dataframe_parallel.go:9.97,10.56 1 1
github.com/mstgnz/cleango/pkg/cleaner/dataframe_parallel.go:10.56,11.22 1 2
github.com/mstgnz/cleango/pkg/cleaner/dataframe_parallel.go:11.22,13.4 1 6
github.com/mstgnz/cleango/pkg/cleaner/dataframe_parallel.go:14.3,14.13 1 2
github.com/mstgnz/cleango/pkg/cleaner/dataframe_parallel.go:19.134,21.20 2 3
github.com/mstgnz/cleango/pkg/cleaner/dataframe_parallel.go:21.20,23.3 1 1
github.com/mstgnz/cleango/pkg/cleaner/dataframe_parallel.go:25.2,26.86 2 2
github.com/mstgnz/cleango/pkg/cleaner/dataframe_parallel.go:26.86,27.24 1 6
github.com/mstgnz/cleango/pkg/cleaner/dataframe_parallel.go:27.24,29.4 1 2
github.com/mstgnz/cleango/pkg/cleaner/dataframe_parallel.go:30.3,30.13 1 6
github.com/mstgnz/cleango/pkg/cleaner/dataframe_parallel.go:35.126,37.20 2 2
github.com/mstgnz/cleango/pkg/cleaner/dataframe_parallel.go:37.20,39.3 1 1
github.com/mstgnz/cleango/pkg/cleaner/dataframe_parallel.go:41.2,42.86 2 1
github.com/mstgnz/cleango/pkg/cleaner/dataframe_parallel.go:42.86,43.24 1 5
github.com/mstgnz/cleango/pkg/cleaner/dataframe_parallel.go:43.24,45.4 1 0
github.com/mstgnz/cleango/pkg/cleaner/dataframe_parallel.go:47.3,48.17 2 5
github.com/mstgnz/cleango/pkg/cleaner/dataframe_parallel.go:48.17,50.4 1 1
github.com/mstgnz/cleango/pkg/cleaner/dataframe_parallel.go:52.3,53.13 2 4
github.com/mstgnz/cleango/pkg/cleaner/dataframe_parallel.go:58.128,60.20 2 2
github.com/mstgnz/cleango/pkg/cleaner/dataframe_parallel.go:60.20,62.3 1 0
github.com/mstgnz/cleango/pkg/cleaner/dataframe_parallel.go:64.2,65.86 2 2
github.com/mstgnz/cleango/pkg/cleaner/dataframe_parallel.go:65.86,66.14 1 6
github.com/mstgnz/cleango/pkg/cleaner/dataframe_parallel.go:66.14,68.4 1 3
github.com/mstgnz/cleango/pkg/cleaner/dataframe_parallel.go:68.9,70.4 1 3
github.com/mstgnz/cleango/pkg/cleaner/dataframe_parallel.go:71.3,71.13 1 6
github.com/mstgnz/cleango/pkg/cleaner/dataframe_parallel.go:76.151,78.20 2 1
github.com/mstgnz/cleango/pkg/cleaner/dataframe_parallel.go:78.20,80.3 1 0
github.com/mstgnz/cleango/pkg/cleaner/dataframe_parallel.go:82.2,83.16 2 1
github.com/mstgnz/cleango/pkg/cleaner/dataframe_parallel.go:83.16,85.3 1 0
github.com/mstgnz/cleango/pkg/cleaner/dataframe_parallel.go:87.2,88.86 2 1
github.com/mstgnz/cleango/pkg/cleaner/dataframe_parallel.go:88.86,91.3 2 3
github.com/mstgnz/cleango/pkg/cleaner/dataframe_parallel.go:95.133,97.20 2 1
github.com/mstgnz/cleango/pkg/cleaner/dataframe_parallel.go:97.20,99.3 1 0
github.com/mstgnz/cleango/pkg/cleaner/dataframe_parallel.go:101.2,102.33 2 1
github.com/mstgnz/cleango/pkg/cleaner/dataframe_parallel.go:102.33,104.3 1 0
github.com/mstgnz/cleango/pkg/cleaner/dataframe_parallel.go:106.2,107.31 2 1
github.com/mstgnz/cleango/pkg/cleaner/dataframe_parallel.go:107.31,109.3 1 1
github.com/mstgnz/cleango/pkg/cleaner/dataframe_parallel.go:111.2,118.34 4 1
github.com/mstgnz/cleango/pkg/cleaner/dataframe_parallel.go:118.34,120.13 2 5
github.com/mstgnz/cleango/pkg/cleaner/dataframe_parallel.go:120.13,122.31 2 5
github.com/mstgnz/cleango/pkg/cleaner/dataframe_parallel.go:122.31,123.12 1 5
github.com/mstgnz/cleango/pkg/cleaner/dataframe_parallel.go:124.32,125.12 1 0
github.com/mstgnz/cleango/pkg/cleaner/dataframe_parallel.go:126.13,126.13 0 5
github.com/mstgnz/cleango/pkg/cleaner/dataframe_parallel.go:129.5,130.20 2 5
github.com/mstgnz/cleango/pkg/cleaner/dataframe_parallel.go:130.20,135.14 2 0
github.com/mstgnz/cleango/pkg/cleaner/dataframe_parallel.go:138.5,139.19 2 5
github.com/mstgnz/cleango/pkg/cleaner/dataframe_parallel.go:139.19,144.14 2 0
github.com/mstgnz/cleango/pkg/cleaner/dataframe_parallel.go:147.5,150.42 1 5
github.com/mstgnz/cleango/pkg/cleaner/dataframe_parallel.go:155.2,155.25 1 1
github.com/mstgnz/cleango/pkg/cleaner/dataframe_parallel.go:155.25,157.3 1 5
github.com/mstgnz/cleango/pkg/cleaner/dataframe_parallel.go:158.2,160.12 2 1
github.com/mstgnz/cleango/pkg/cleaner/dataframe_parallel.go:160.12,163.3 2 1
github.com/mstgnz/cleango/pkg/cleaner/dataframe_parallel.go:165.2,166.30 2 1
github.com/mstgnz/cleango/pkg/cleaner/dataframe_parallel.go:166.30,168.3 1 5
github.com/mstgnz/cleango/pkg/cleaner/dataframe_parallel.go:170.2,170.43 1 1
github.com/mstgnz/cleango/pkg/cleaner/dataframe_parallel.go:170.43,172.3 1 0
github.com/mstgnz/cleango/pkg/cleaner/dataframe_parallel.go:174.2,175.30 2 1
github.com/mstgnz/cleango/pkg/cleaner/dataframe_parallel.go:175.30,176.17 1 5
github.com/mstgnz/cleango/pkg/cleaner/dataframe_parallel.go:176.17,178.4 1 3
github.com/mstgnz/cleango/pkg/cleaner/dataframe_parallel.go:181.2,185.8 1 1
github.com/mstgnz/cleango/pkg/cleaner/dataframe_parallel.go:189.149,190.26 1 0
github.com/mstgnz/cleango/pkg/cleaner/dataframe_parallel.go:190.26,192.3 1 0
github.com/mstgnz/cleango/pkg/cleaner/dataframe_parallel.go:194.2,195.33 2 0
github.com/mstgnz/cleango/pkg/cleaner/dataframe_parallel.go:195.33,197.3 1 0
github.com/mstgnz/cleango/pkg/cleaner/dataframe_parallel.go:199.2,200.34 2 0
github.com/mstgnz/cleango/pkg/cleaner/dataframe_parallel.go:200.34,202.3 1 0
github.com/mstgnz/cleango/pkg/cleaner/dataframe_parallel.go:204.2,216.34 5 0
github.com/mstgnz/cleango/pkg/cleaner/dataframe_parallel.go:216.34,218.13 2 0
github.com/mstgnz/cleango/pkg/cleaner/dataframe_parallel.go:218.13,220.24 2 0
github.com/mstgnz/cleango/pkg/cleaner/dataframe_parallel.go:220.24,221.12 1 0
github.com/mstgnz/cleango/pkg/cleaner/dataframe_parallel.go:222.32,223.12 1 0
github.com/mstgnz/cleango/pkg/cleaner/dataframe_parallel.go:224.13,224.13 0 0
github.com/mstgnz/cleango/pkg/cleaner/dataframe_parallel.go:226.5,231.30 2 0
github.com/mstgnz/cleango/pkg/cleaner/dataframe_parallel.go:236.2,236.39 1 0
github.com/mstgnz/cleango/pkg/cleaner/dataframe_parallel.go:236.39,238.3 1 0
github.com/mstgnz/cleango/pkg/cleaner/dataframe_parallel.go:239.2,241.12 2 0
github.com/mstgnz/cleango/pkg/cleaner/dataframe_parallel.go:241.12,244.3 2 0
github.com/mstgnz/cleango/pkg/cleaner/dataframe_parallel.go:246.2,251.25 3 0
github.com/mstgnz/cleango/pkg/cleaner/dataframe_parallel.go:251.25,252.19 1 0
github.com/mstgnz/cleango/pkg/cleaner/dataframe_parallel.go:252.19,254.4 1 0
github.com/mstgnz/cleango/pkg/cleaner/dataframe_parallel.go:255.3,255.43 1 0
github.com/mstgnz/cleango/pkg/cleaner/dataframe_parallel.go:258.2,258.43 1 0
github.com/mstgnz/cleango/pkg/cleaner/dataframe_parallel.go:258.43,260.3 1 0
github.com/mstgnz/cleango/pkg/cleaner/dataframe_parallel.go:262.2,263.28 2 0
github.com/mstgnz/cleango/pkg/cleaner/dataframe_parallel.go:263.28,265.26 2 0
github.com/mstgnz/cleango/pkg/cleaner/dataframe_parallel.go:265.26,267.4 1 0
github.com/mstgnz/cleango/pkg/cleaner/dataframe_parallel.go:268.3,268.18 1 0
github.com/mstgnz/cleango/pkg/cleaner/dataframe_parallel.go:271.2,271.22 1 0
github.com/mstgnz/cleango/pkg/cleaner/dataframe_parallel.go:275.40,277.30 2 0
github.com/mstgnz/cleango/pkg/cleaner/dataframe_parallel.go:277.30,281.3 3 0
github.com/mstgnz/cleango/pkg/cleaner/dataframe_parallel.go:283.2,284.29 2 0
github.com/mstgnz/cleango/pkg/cleaner/dataframe_parallel.go:284.29,286.3 1 0
github.com/mstgnz/cleango/pkg/cleaner/dataframe_parallel.go:288.2,292.3 1 0
github.com/mstgnz/cleango/pkg/cleaner/excel.go:8.85,10.16 2 1
github.com/mstgnz/cleango/pkg/cleaner/excel.go:10.16,12.3 1 1
github.com/mstgnz/cleango/pkg/cleaner/excel.go:14.2,14.36 1 0
github.com/mstgnz/cleango/pkg/cleaner/excel.go:18.88,20.2 1 2
github.com/mstgnz/cleango/pkg/cleaner/json.go:8.83,10.16 2 2
github.com/mstgnz/cleango/pkg/cleaner/json.go:10.16,12.3 1 0
github.com/mstgnz/cleango/pkg/cleaner/json.go:14.2,14.36 1 2
github.com/mstgnz/cleango/pkg/cleaner/json.go:18.86,20.2 1 1
github.com/mstgnz/cleango/pkg/cleaner/parallel.go:16.48,21.2 1 9
github.com/mstgnz/cleango/pkg/cleaner/parallel.go:24.60,25.34 1 3
github.com/mstgnz/cleango/pkg/cleaner/parallel.go:25.34,26.21 1 3
github.com/mstgnz/cleango/pkg/cleaner/parallel.go:26.21,28.4 1 1
github.com/mstgnz/cleango/pkg/cleaner/parallel.go:33.62,34.34 1 0
github.com/mstgnz/cleango/pkg/cleaner/parallel.go:34.34,35.17 1 0
github.com/mstgnz/cleango/pkg/cleaner/parallel.go:35.17,37.4 1 0
github.com/mstgnz/cleango/pkg/cleaner/parallel.go:42.132,44.33 2 1
github.com/mstgnz/cleango/pkg/cleaner/parallel.go:44.33,46.3 1 0
github.com/mstgnz/cleango/pkg/cleaner/parallel.go:48.2,50.23 2 1
github.com/mstgnz/cleango/pkg/cleaner/parallel.go:50.23,52.3 1 0
github.com/mstgnz/cleango/pkg/cleaner/parallel.go:54.2,55.31 2 1
github.com/mstgnz/cleango/pkg/cleaner/parallel.go:55.31,57.3 1 1
github.com/mstgnz/cleango/pkg/cleaner/parallel.go:59.2,66.34 4 1
github.com/mstgnz/cleango/pkg/cleaner/parallel.go:66.34,68.13 2 2
github.com/mstgnz/cleango/pkg/cleaner/parallel.go:68.13,70.24 2 2
github.com/mstgnz/cleango/pkg/cleaner/parallel.go:70.24,71.12 1 2
github.com/mstgnz/cleango/pkg/cleaner/parallel.go:72.23,73.12 1 0
github.com/mstgnz/cleango/pkg/cleaner/parallel.go:74.13,74.13 0 2
github.com/mstgnz/cleango/pkg/cleaner/parallel.go:76.5,80.26 2 2
github.com/mstgnz/cleango/pkg/cleaner/parallel.go:85.2,85.25 1 1
github.com/mstgnz/cleango/pkg/cleaner/parallel.go:85.25,87.3 1 2
github.com/mstgnz/cleango/pkg/cleaner/parallel.go:88.2,90.12 2 1
github.com/mstgnz/cleango/pkg/cleaner/parallel.go:90.12,93.3 2 1
github.com/mstgnz/cleango/pkg/cleaner/parallel.go:95.2,97.25 3 1
github.com/mstgnz/cleango/pkg/cleaner/parallel.go:97.25,99.3 1 2
github.com/mstgnz/cleango/pkg/cleaner/parallel.go:101.2,101.34 1 1
github.com/mstgnz/cleango/pkg/cleaner/parallel.go:101.34,103.3 1 0
github.com/mstgnz/cleango/pkg/cleaner/parallel.go:105.2,106.16 2 1
github.com/mstgnz/cleango/pkg/cleaner/parallel.go:110.168,112.33 2 6
github.com/mstgnz/cleango/pkg/cleaner/parallel.go:112.33,114.3 1 0
github.com/mstgnz/cleango/pkg/cleaner/parallel.go:116.2,118.23 2 6
github.com/mstgnz/cleango/pkg/cleaner/parallel.go:118.23,120.3 1 0
github.com/mstgnz/cleango/pkg/cleaner/parallel.go:122.2,123.36 2 6
github.com/mstgnz/cleango/pkg/cleaner/parallel.go:123.36,124.40 1 6
github.com/mstgnz/cleango/pkg/cleaner/parallel.go:124.40,126.4 1 6
github.com/mstgnz/cleango/pkg/cleaner/parallel.go:129.2,129.23 1 6
github.com/mstgnz/cleango/pkg/cleaner/parallel.go:129.23,131.3 1 0
github.com/mstgnz/cleango/pkg/cleaner/parallel.go:133.2,136.28 3 6
github.com/mstgnz/cleango/pkg/cleaner/parallel.go:136.28,138.3 1 6
github.com/mstgnz/cleango/pkg/cleaner/parallel.go:140.2,152.34 5 6
github.com/mstgnz/cleango/pkg/cleaner/parallel.go:152.34,154.13 2 20
github.com/mstgnz/cleango/pkg/cleaner/parallel.go:154.13,156.24 2 20
github.com/mstgnz/cleango/pkg/cleaner/parallel.go:156.24,157.12 1 20
github.com/mstgnz/cleango/pkg/cleaner/parallel.go:158.23,159.12 1 0
github.com/mstgnz/cleango/pkg/cleaner/parallel.go:160.13,160.13 0 20
github.com/mstgnz/cleango/pkg/cleaner/parallel.go:162.5,166.34 2 20
github.com/mstgnz/cleango/pkg/cleaner/parallel.go:171.2,171.30 1 6
github.com/mstgnz/cleango/pkg/cleaner/parallel.go:171.30,172.34 1 20
github.com/mstgnz/cleango/pkg/cleaner/parallel.go:172.34,174.4 1 20
github.com/mstgnz/cleango/pkg/cleaner/parallel.go:176.2,178.12 2 6
github.com/mstgnz/cleango/pkg/cleaner/parallel.go:178.12,181.3 2 6
github.com/mstgnz/cleango/pkg/cleaner/parallel.go:183.2,185.25 3 6
github.com/mstgnz/cleango/pkg/cleaner/parallel.go:185.25,187.3 1 20
github.com/mstgnz/cleango/pkg/cleaner/parallel.go:189.2,189.34 1 6
github.com/mstgnz/cleango/pkg/cleaner/parallel.go:189.34,191.3 1 0
github.com/mstgnz/cleango/pkg/cleaner/parallel.go:193.2,194.16 2 6
github.com/mstgnz/cleango/pkg/cleaner/parquet.go:9.89,11.16 2 1
github.com/mstgnz/cleango/pkg/cleaner/parquet.go:11.16,13.3 1 1
github.com/mstgnz/cleango/pkg/cleaner/parquet.go:15.2,15.36 1 0
github.com/mstgnz/cleango/pkg/cleaner/parquet.go:19.92,21.2 1 1
github.com/mstgnz/cleango/pkg/cleaner/parquet.go:24.89,26.2 1 0
github.com/mstgnz/cleango/pkg/cleaner/utils.go:17.33,19.2 1 11
github.com/mstgnz/cleango/pkg/cleaner/utils.go:22.35,24.2 1 8
github.com/mstgnz/cleango/pkg/cleaner/utils.go:27.35,29.2 1 8
github.com/mstgnz/cleango/pkg/cleaner/utils.go:32.44,34.2 1 10
github.com/mstgnz/cleango/pkg/cleaner/utils.go:37.59,39.16 2 5
github.com/mstgnz/cleango/pkg/cleaner/utils.go:39.16,41.3 1 2
github.com/mstgnz/cleango/pkg/cleaner/utils.go:42.2,42.16 1 3
github.com/mstgnz/cleango/pkg/cleaner/utils.go:46.60,73.33 2 16
github.com/mstgnz/cleango/pkg/cleaner/utils.go:73.33,75.17 2 95
github.com/mstgnz/cleango/pkg/cleaner/utils.go:75.17,77.4 1 13
github.com/mstgnz/cleango/pkg/cleaner/utils.go:80.2,80.63 1 3
github.com/mstgnz/cleango/pkg/cleaner/utils.go:84.24,86.2 1 5
github.com/mstgnz/cleango/pkg/cleaner/xml.go:8.81,10.16 2 3
github.com/mstgnz/cleango/pkg/cleaner/xml.go:10.16,12.3 1 0
github.com/mstgnz/cleango/pkg/cleaner/xml.go:14.2,14.36 1 3
github.com/mstgnz/cleango/pkg/cleaner/xml.go:18.84,20.2 1 2
github.com/mstgnz/cleango/pkg/cleaner/yaml.go:8.83,10.16 2 2
github.com/mstgnz/cleango/pkg/cleaner/yaml.go:10.16,12.3 1 0
github.com/mstgnz/cleango/pkg/cleaner/yaml.go:14.2,14.36 1 2
github.com/mstgnz/cleango/pkg/cleaner/yaml.go:18.86,20.2 1 1
