mode: set
github.com/mstgnz/cleango/pkg/formats/csv.go:28.38,35.2 1 1
github.com/mstgnz/cleango/pkg/formats/csv.go:38.46,39.29 1 1
github.com/mstgnz/cleango/pkg/formats/csv.go:39.29,41.3 1 1
github.com/mstgnz/cleango/pkg/formats/csv.go:45.48,46.29 1 0
github.com/mstgnz/cleango/pkg/formats/csv.go:46.29,48.3 1 0
github.com/mstgnz/cleango/pkg/formats/csv.go:52.48,53.29 1 0
github.com/mstgnz/cleango/pkg/formats/csv.go:53.29,55.3 1 0
github.com/mstgnz/cleango/pkg/formats/csv.go:59.42,60.29 1 0
github.com/mstgnz/cleango/pkg/formats/csv.go:60.29,62.3 1 0
github.com/mstgnz/cleango/pkg/formats/csv.go:66.88,71.33 2 1
github.com/mstgnz/cleango/pkg/formats/csv.go:71.33,73.3 1 1
github.com/mstgnz/cleango/pkg/formats/csv.go:76.2,77.16 2 1
github.com/mstgnz/cleango/pkg/formats/csv.go:77.16,79.3 1 0
github.com/mstgnz/cleango/pkg/formats/csv.go:80.2,90.16 7 1
github.com/mstgnz/cleango/pkg/formats/csv.go:90.16,92.3 1 0
github.com/mstgnz/cleango/pkg/formats/csv.go:95.2,96.6 2 1
github.com/mstgnz/cleango/pkg/formats/csv.go:96.6,98.20 2 1
github.com/mstgnz/cleango/pkg/formats/csv.go:98.20,99.9 1 1
github.com/mstgnz/cleango/pkg/formats/csv.go:101.3,101.17 1 1
github.com/mstgnz/cleango/pkg/formats/csv.go:101.17,102.23 1 0
github.com/mstgnz/cleango/pkg/formats/csv.go:102.23,103.13 1 0
github.com/mstgnz/cleango/pkg/formats/csv.go:105.4,105.62 1 0
github.com/mstgnz/cleango/pkg/formats/csv.go:107.3,107.30 1 1
github.com/mstgnz/cleango/pkg/formats/csv.go:110.2,110.27 1 1
github.com/mstgnz/cleango/pkg/formats/csv.go:114.102,119.33 2 1
github.com/mstgnz/cleango/pkg/formats/csv.go:119.33,121.3 1 0
github.com/mstgnz/cleango/pkg/formats/csv.go:124.2,125.16 2 1
github.com/mstgnz/cleango/pkg/formats/csv.go:125.16,127.3 1 0
github.com/mstgnz/cleango/pkg/formats/csv.go:128.2,135.46 4 1
github.com/mstgnz/cleango/pkg/formats/csv.go:135.46,137.3 1 0
github.com/mstgnz/cleango/pkg/formats/csv.go:140.2,140.27 1 1
github.com/mstgnz/cleango/pkg/formats/csv.go:140.27,141.43 1 1
github.com/mstgnz/cleango/pkg/formats/csv.go:141.43,143.4 1 0
github.com/mstgnz/cleango/pkg/formats/csv.go:147.2,149.39 2 1
github.com/mstgnz/cleango/pkg/formats/csv.go:149.39,151.3 1 0
github.com/mstgnz/cleango/pkg/formats/csv.go:153.2,153.12 1 1
github.com/mstgnz/cleango/pkg/formats/csv.go:157.74,159.2 1 1
github.com/mstgnz/cleango/pkg/formats/excel.go:19.42,23.2 1 0
github.com/mstgnz/cleango/pkg/formats/excel.go:26.50,27.31 1 0
github.com/mstgnz/cleango/pkg/formats/excel.go:27.31,29.3 1 0
github.com/mstgnz/cleango/pkg/formats/excel.go:33.92,38.33 2 0
github.com/mstgnz/cleango/pkg/formats/excel.go:38.33,40.3 1 0
github.com/mstgnz/cleango/pkg/formats/excel.go:43.2,44.16 2 0
github.com/mstgnz/cleango/pkg/formats/excel.go:44.16,46.3 1 0
github.com/mstgnz/cleango/pkg/formats/excel.go:47.2,47.15 1 0
github.com/mstgnz/cleango/pkg/formats/excel.go:47.15,48.35 1 0
github.com/mstgnz/cleango/pkg/formats/excel.go:48.35,50.4 1 0
github.com/mstgnz/cleango/pkg/formats/excel.go:54.2,55.36 2 0
github.com/mstgnz/cleango/pkg/formats/excel.go:55.36,58.23 2 0
github.com/mstgnz/cleango/pkg/formats/excel.go:58.23,60.4 1 0
github.com/mstgnz/cleango/pkg/formats/excel.go:61.3,61.29 1 0
github.com/mstgnz/cleango/pkg/formats/excel.go:65.2,66.16 2 0
github.com/mstgnz/cleango/pkg/formats/excel.go:66.16,68.3 1 0
github.com/mstgnz/cleango/pkg/formats/excel.go:70.2,70.20 1 0
github.com/mstgnz/cleango/pkg/formats/excel.go:70.20,72.3 1 0
github.com/mstgnz/cleango/pkg/formats/excel.go:75.2,80.27 3 0
github.com/mstgnz/cleango/pkg/formats/excel.go:84.106,89.33 2 0
github.com/mstgnz/cleango/pkg/formats/excel.go:89.33,91.3 1 0
github.com/mstgnz/cleango/pkg/formats/excel.go:94.2,100.36 3 0
github.com/mstgnz/cleango/pkg/formats/excel.go:100.36,102.17 2 0
github.com/mstgnz/cleango/pkg/formats/excel.go:102.17,104.4 1 0
github.com/mstgnz/cleango/pkg/formats/excel.go:106.3,106.30 1 0
github.com/mstgnz/cleango/pkg/formats/excel.go:110.2,110.33 1 0
github.com/mstgnz/cleango/pkg/formats/excel.go:110.33,112.17 2 0
github.com/mstgnz/cleango/pkg/formats/excel.go:112.17,114.4 1 0
github.com/mstgnz/cleango/pkg/formats/excel.go:115.3,115.47 1 0
github.com/mstgnz/cleango/pkg/formats/excel.go:119.2,119.27 1 0
github.com/mstgnz/cleango/pkg/formats/excel.go:119.27,120.29 1 0
github.com/mstgnz/cleango/pkg/formats/excel.go:120.29,122.18 2 0
github.com/mstgnz/cleango/pkg/formats/excel.go:122.18,124.5 1 0
github.com/mstgnz/cleango/pkg/formats/excel.go:127.4,127.24 1 0
github.com/mstgnz/cleango/pkg/formats/excel.go:127.24,128.67 1 0
github.com/mstgnz/cleango/pkg/formats/excel.go:128.67,130.14 2 0
github.com/mstgnz/cleango/pkg/formats/excel.go:135.4,135.43 1 0
github.com/mstgnz/cleango/pkg/formats/excel.go:135.43,136.61 1 0
github.com/mstgnz/cleango/pkg/formats/excel.go:136.61,138.14 2 0
github.com/mstgnz/cleango/pkg/formats/excel.go:143.4,143.47 1 0
github.com/mstgnz/cleango/pkg/formats/excel.go:148.2,148.43 1 0
github.com/mstgnz/cleango/pkg/formats/excel.go:148.43,150.3 1 0
github.com/mstgnz/cleango/pkg/formats/excel.go:152.2,152.12 1 0
github.com/mstgnz/cleango/pkg/formats/excel.go:156.78,158.2 1 0
github.com/mstgnz/cleango/pkg/formats/excel.go:161.31,164.2 2 0
github.com/mstgnz/cleango/pkg/formats/json.go:18.40,22.2 1 1
github.com/mstgnz/cleango/pkg/formats/json.go:25.41,26.30 1 0
github.com/mstgnz/cleango/pkg/formats/json.go:26.30,28.3 1 0
github.com/mstgnz/cleango/pkg/formats/json.go:32.90,37.33 2 1
github.com/mstgnz/cleango/pkg/formats/json.go:37.33,39.3 1 0
github.com/mstgnz/cleango/pkg/formats/json.go:42.2,43.16 2 1
github.com/mstgnz/cleango/pkg/formats/json.go:43.16,45.3 1 0
github.com/mstgnz/cleango/pkg/formats/json.go:48.2,50.16 3 1
github.com/mstgnz/cleango/pkg/formats/json.go:50.16,52.3 1 0
github.com/mstgnz/cleango/pkg/formats/json.go:54.2,54.20 1 1
github.com/mstgnz/cleango/pkg/formats/json.go:54.20,56.3 1 0
github.com/mstgnz/cleango/pkg/formats/json.go:59.2,63.30 3 1
github.com/mstgnz/cleango/pkg/formats/json.go:63.30,64.27 1 1
github.com/mstgnz/cleango/pkg/formats/json.go:64.27,65.23 1 1
github.com/mstgnz/cleango/pkg/formats/json.go:65.23,68.5 2 1
github.com/mstgnz/cleango/pkg/formats/json.go:73.2,74.30 2 1
github.com/mstgnz/cleango/pkg/formats/json.go:74.30,76.34 2 1
github.com/mstgnz/cleango/pkg/formats/json.go:76.34,77.37 1 1
github.com/mstgnz/cleango/pkg/formats/json.go:77.37,79.5 1 1
github.com/mstgnz/cleango/pkg/formats/json.go:79.10,81.5 1 0
github.com/mstgnz/cleango/pkg/formats/json.go:83.3,83.16 1 1
github.com/mstgnz/cleango/pkg/formats/json.go:86.2,86.27 1 1
github.com/mstgnz/cleango/pkg/formats/json.go:90.104,95.33 2 1
github.com/mstgnz/cleango/pkg/formats/json.go:95.33,97.3 1 0
github.com/mstgnz/cleango/pkg/formats/json.go:100.2,101.27 2 1
github.com/mstgnz/cleango/pkg/formats/json.go:101.27,103.34 2 1
github.com/mstgnz/cleango/pkg/formats/json.go:103.34,104.20 1 1
github.com/mstgnz/cleango/pkg/formats/json.go:104.20,106.5 1 1
github.com/mstgnz/cleango/pkg/formats/json.go:108.3,108.23 1 1
github.com/mstgnz/cleango/pkg/formats/json.go:112.2,114.17 3 1
github.com/mstgnz/cleango/pkg/formats/json.go:114.17,116.3 1 1
github.com/mstgnz/cleango/pkg/formats/json.go:116.8,118.3 1 0
github.com/mstgnz/cleango/pkg/formats/json.go:119.2,119.16 1 1
github.com/mstgnz/cleango/pkg/formats/json.go:119.16,121.3 1 0
github.com/mstgnz/cleango/pkg/formats/json.go:124.2,125.16 2 1
github.com/mstgnz/cleango/pkg/formats/json.go:125.16,127.3 1 0
github.com/mstgnz/cleango/pkg/formats/json.go:129.2,129.12 1 1
github.com/mstgnz/cleango/pkg/formats/json.go:133.76,135.2 1 1
github.com/mstgnz/cleango/pkg/formats/json.go:138.46,139.16 1 1
github.com/mstgnz/cleango/pkg/formats/json.go:139.16,141.3 1 0
github.com/mstgnz/cleango/pkg/formats/json.go:143.2,143.25 1 1
github.com/mstgnz/cleango/pkg/formats/json.go:144.14,145.11 1 1
github.com/mstgnz/cleango/pkg/formats/json.go:146.15,148.27 1 1
github.com/mstgnz/cleango/pkg/formats/json.go:148.27,150.4 1 1
github.com/mstgnz/cleango/pkg/formats/json.go:151.3,151.30 1 0
github.com/mstgnz/cleango/pkg/formats/json.go:152.12,153.30 1 0
github.com/mstgnz/cleango/pkg/formats/json.go:154.30,157.17 2 0
github.com/mstgnz/cleango/pkg/formats/json.go:157.17,159.4 1 0
github.com/mstgnz/cleango/pkg/formats/json.go:160.3,160.27 1 0
github.com/mstgnz/cleango/pkg/formats/json.go:161.21,164.17 2 0
github.com/mstgnz/cleango/pkg/formats/json.go:164.17,166.4 1 0
github.com/mstgnz/cleango/pkg/formats/json.go:167.3,167.27 1 0
github.com/mstgnz/cleango/pkg/formats/json.go:168.10,170.30 1 0
github.com/mstgnz/cleango/pkg/formats/parquet.go:24.46,28.2 1 0
github.com/mstgnz/cleango/pkg/formats/parquet.go:31.74,32.33 1 0
github.com/mstgnz/cleango/pkg/formats/parquet.go:32.33,34.3 1 0
github.com/mstgnz/cleango/pkg/formats/parquet.go:41.96,46.33 2 0
github.com/mstgnz/cleango/pkg/formats/parquet.go:46.33,48.3 1 0
github.com/mstgnz/cleango/pkg/formats/parquet.go:51.2,52.16 2 0
github.com/mstgnz/cleango/pkg/formats/parquet.go:52.16,54.3 1 0
github.com/mstgnz/cleango/pkg/formats/parquet.go:55.2,59.16 3 0
github.com/mstgnz/cleango/pkg/formats/parquet.go:59.16,61.3 1 0
github.com/mstgnz/cleango/pkg/formats/parquet.go:62.2,66.18 3 0
github.com/mstgnz/cleango/pkg/formats/parquet.go:66.18,68.3 1 0
github.com/mstgnz/cleango/pkg/formats/parquet.go:71.2,72.42 2 0
github.com/mstgnz/cleango/pkg/formats/parquet.go:72.42,74.3 1 0
github.com/mstgnz/cleango/pkg/formats/parquet.go:77.2,77.23 1 0
github.com/mstgnz/cleango/pkg/formats/parquet.go:77.23,79.3 1 0
github.com/mstgnz/cleango/pkg/formats/parquet.go:81.2,82.33 2 0
github.com/mstgnz/cleango/pkg/formats/parquet.go:82.33,84.3 1 0
github.com/mstgnz/cleango/pkg/formats/parquet.go:87.2,88.33 2 0
github.com/mstgnz/cleango/pkg/formats/parquet.go:88.33,90.34 2 0
github.com/mstgnz/cleango/pkg/formats/parquet.go:90.34,91.37 1 0
github.com/mstgnz/cleango/pkg/formats/parquet.go:91.37,93.5 1 0
github.com/mstgnz/cleango/pkg/formats/parquet.go:93.10,95.5 1 0
github.com/mstgnz/cleango/pkg/formats/parquet.go:97.3,97.16 1 0
github.com/mstgnz/cleango/pkg/formats/parquet.go:100.2,100.27 1 0
github.com/mstgnz/cleango/pkg/formats/parquet.go:104.110,109.33 2 0
github.com/mstgnz/cleango/pkg/formats/parquet.go:109.33,111.3 1 0
github.com/mstgnz/cleango/pkg/formats/parquet.go:114.2,115.16 2 0
github.com/mstgnz/cleango/pkg/formats/parquet.go:115.16,117.3 1 0
github.com/mstgnz/cleango/pkg/formats/parquet.go:118.2,125.16 4 0
github.com/mstgnz/cleango/pkg/formats/parquet.go:125.16,127.3 1 0
github.com/mstgnz/cleango/pkg/formats/parquet.go:130.2,133.27 2 0
github.com/mstgnz/cleango/pkg/formats/parquet.go:133.27,135.34 2 0
github.com/mstgnz/cleango/pkg/formats/parquet.go:135.34,136.20 1 0
github.com/mstgnz/cleango/pkg/formats/parquet.go:136.20,139.25 2 0
github.com/mstgnz/cleango/pkg/formats/parquet.go:139.25,141.38 1 0
github.com/mstgnz/cleango/pkg/formats/parquet.go:141.38,143.69 1 0
github.com/mstgnz/cleango/pkg/formats/parquet.go:143.69,145.16 2 0
github.com/mstgnz/cleango/pkg/formats/parquet.go:147.12,149.69 1 0
github.com/mstgnz/cleango/pkg/formats/parquet.go:149.69,151.16 2 0
github.com/mstgnz/cleango/pkg/formats/parquet.go:157.5,157.44 1 0
github.com/mstgnz/cleango/pkg/formats/parquet.go:157.44,158.62 1 0
github.com/mstgnz/cleango/pkg/formats/parquet.go:158.62,160.15 2 0
github.com/mstgnz/cleango/pkg/formats/parquet.go:165.5,165.27 1 0
github.com/mstgnz/cleango/pkg/formats/parquet.go:166.10,168.5 1 0
github.com/mstgnz/cleango/pkg/formats/parquet.go:171.3,171.42 1 0
github.com/mstgnz/cleango/pkg/formats/parquet.go:171.42,173.4 1 0
github.com/mstgnz/cleango/pkg/formats/parquet.go:177.2,177.39 1 0
github.com/mstgnz/cleango/pkg/formats/parquet.go:177.39,179.3 1 0
github.com/mstgnz/cleango/pkg/formats/parquet.go:181.2,181.12 1 0
github.com/mstgnz/cleango/pkg/formats/parquet.go:185.82,187.2 1 0
github.com/mstgnz/cleango/pkg/formats/parquet.go:190.75,193.33 2 0
github.com/mstgnz/cleango/pkg/formats/parquet.go:193.33,195.3 1 0
github.com/mstgnz/cleango/pkg/formats/parquet.go:198.2,199.28 2 0
github.com/mstgnz/cleango/pkg/formats/parquet.go:199.28,201.3 1 0
github.com/mstgnz/cleango/pkg/formats/parquet.go:203.2,203.34 1 0
github.com/mstgnz/cleango/pkg/formats/parquet.go:203.34,205.34 2 0
github.com/mstgnz/cleango/pkg/formats/parquet.go:205.34,206.20 1 0
github.com/mstgnz/cleango/pkg/formats/parquet.go:206.20,208.20 2 0
github.com/mstgnz/cleango/pkg/formats/parquet.go:208.20,209.14 1 0
github.com/mstgnz/cleango/pkg/formats/parquet.go:213.5,213.25 1 0
github.com/mstgnz/cleango/pkg/formats/parquet.go:213.25,214.38 1 0
github.com/mstgnz/cleango/pkg/formats/parquet.go:214.38,216.7 1 0
github.com/mstgnz/cleango/pkg/formats/parquet.go:216.12,218.7 1 0
github.com/mstgnz/cleango/pkg/formats/parquet.go:219.6,219.14 1 0
github.com/mstgnz/cleango/pkg/formats/parquet.go:223.5,223.44 1 0
github.com/mstgnz/cleango/pkg/formats/parquet.go:223.44,225.14 2 0
github.com/mstgnz/cleango/pkg/formats/parquet.go:232.2,233.33 2 0
github.com/mstgnz/cleango/pkg/formats/parquet.go:233.33,234.31 1 0
github.com/mstgnz/cleango/pkg/formats/parquet.go:235.22,236.29 1 0
github.com/mstgnz/cleango/pkg/formats/parquet.go:237.24,238.31 1 0
github.com/mstgnz/cleango/pkg/formats/parquet.go:239.21,240.26 1 0
github.com/mstgnz/cleango/pkg/formats/parquet.go:241.11,242.23 1 0
github.com/mstgnz/cleango/pkg/formats/parquet.go:246.2,246.15 1 0
